[2020-05-18 18:20:23] testing.ERROR:  {"userId":1,"exception":"[object] (App\\Exceptions\\CannotBeActivatedException(code: 0):  at /Users/jeffreydavidson/Projects/Personal/Apps/Ringside/app/Http/Requests/Titles/ActivateRequest.php:19)
[stacktrace]
#0 [internal function]: App\\Http\\Requests\\Titles\\ActivateRequest->authorize()
#1 /Users/jeffreydavidson/Projects/Personal/Apps/Ringside/vendor/laravel/framework/src/Illuminate/Container/BoundMethod.php(33): call_user_func_array(Array, Array)
#2 /Users/jeffreydavidson/Projects/Personal/Apps/Ringside/vendor/laravel/framework/src/Illuminate/Container/Util.php(36): Illuminate\\Container\\BoundMethod::Illuminate\\Container\\{closure}()
#3 /Users/jeffreydavidson/Projects/Personal/Apps/Ringside/vendor/laravel/framework/src/Illuminate/Container/BoundMethod.php(91): Illuminate\\Container\\Util::unwrapIfClosure(Object(Closure))
#4 /Users/jeffreydavidson/Projects/Personal/Apps/Ringside/vendor/laravel/framework/src/Illuminate/Container/BoundMethod.php(35): Illuminate\\Container\\BoundMethod::callBoundMethod(Object(Illuminate\\Foundation\\Application), Array, Object(Closure))
#5 /Users/jeffreydavidson/Projects/Personal/Apps/Ringside/vendor/laravel/framework/src/Illuminate/Container/Container.php(592): Illuminate\\Container\\BoundMethod::call(Object(Illuminate\\Foundation\\Application), Array, Array, NULL)
#6 /Users/jeffreydavidson/Projects/Personal/Apps/Ringside/vendor/laravel/framework/src/Illuminate/Foundation/Http/FormRequest.php(163): Illuminate\\Container\\Container->call(Array)
#7 /Users/jeffreydavidson/Projects/Personal/Apps/Ringside/vendor/laravel/framework/src/Illuminate/Validation/ValidatesWhenResolvedTrait.php(19): Illuminate\\Foundation\\Http\\FormRequest->passesAuthorization()
#8 /Users/jeffreydavidson/Projects/Personal/Apps/Ringside/vendor/laravel/framework/src/Illuminate/Foundation/Providers/FormRequestServiceProvider.php(30): Illuminate\\Foundation\\Http\\FormRequest->validateResolved()
#9 /Users/jeffreydavidson/Projects/Personal/Apps/Ringside/vendor/laravel/framework/src/Illuminate/Container/Container.php(1135): Illuminate\\Foundation\\Providers\\FormRequestServiceProvider->Illuminate\\Foundation\\Providers\\{closure}(Object(App\\Http\\Requests\\Titles\\ActivateRequest), Object(Illuminate\\Foundation\\Application))
#10 /Users/jeffreydavidson/Projects/Personal/Apps/Ringside/vendor/laravel/framework/src/Illuminate/Container/Container.php(1099): Illuminate\\Container\\Container->fireCallbackArray(Object(App\\Http\\Requests\\Titles\\ActivateRequest), Array)
#11 /Users/jeffreydavidson/Projects/Personal/Apps/Ringside/vendor/laravel/framework/src/Illuminate/Container/Container.php(1084): Illuminate\\Container\\Container->fireAfterResolvingCallbacks('App\\\\Http\\\\Reques...', Object(App\\Http\\Requests\\Titles\\ActivateRequest))
#12 /Users/jeffreydavidson/Projects/Personal/Apps/Ringside/vendor/laravel/framework/src/Illuminate/Container/Container.php(707): Illuminate\\Container\\Container->fireResolvingCallbacks('App\\\\Http\\\\Reques...', Object(App\\Http\\Requests\\Titles\\ActivateRequest))
#13 /Users/jeffreydavidson/Projects/Personal/Apps/Ringside/vendor/laravel/framework/src/Illuminate/Foundation/Application.php(796): Illuminate\\Container\\Container->resolve('App\\\\Http\\\\Reques...', Array, true)
#14 /Users/jeffreydavidson/Projects/Personal/Apps/Ringside/vendor/laravel/framework/src/Illuminate/Container/Container.php(633): Illuminate\\Foundation\\Application->resolve('App\\\\Http\\\\Reques...', Array)
#15 /Users/jeffreydavidson/Projects/Personal/Apps/Ringside/vendor/laravel/framework/src/Illuminate/Foundation/Application.php(781): Illuminate\\Container\\Container->make('App\\\\Http\\\\Reques...', Array)
#16 /Users/jeffreydavidson/Projects/Personal/Apps/Ringside/vendor/laravel/framework/src/Illuminate/Routing/RouteDependencyResolverTrait.php(80): Illuminate\\Foundation\\Application->make('App\\\\Http\\\\Reques...')
#17 /Users/jeffreydavidson/Projects/Personal/Apps/Ringside/vendor/laravel/framework/src/Illuminate/Routing/RouteDependencyResolverTrait.php(47): Illuminate\\Routing\\ControllerDispatcher->transformDependency(Object(ReflectionParameter), Array, Object(stdClass))
#18 /Users/jeffreydavidson/Projects/Personal/Apps/Ringside/vendor/laravel/framework/src/Illuminate/Routing/RouteDependencyResolverTrait.php(27): Illuminate\\Routing\\ControllerDispatcher->resolveMethodDependencies(Array, Object(ReflectionMethod))
#19 /Users/jeffreydavidson/Projects/Personal/Apps/Ringside/vendor/laravel/framework/src/Illuminate/Routing/ControllerDispatcher.php(41): Illuminate\\Routing\\ControllerDispatcher->resolveClassMethodDependencies(Array, Object(App\\Http\\Controllers\\Titles\\ActivateController), '__invoke')
#20 /Users/jeffreydavidson/Projects/Personal/Apps/Ringside/vendor/laravel/framework/src/Illuminate/Routing/Route.php(239): Illuminate\\Routing\\ControllerDispatcher->dispatch(Object(Illuminate\\Routing\\Route), Object(App\\Http\\Controllers\\Titles\\ActivateController), '__invoke')
#21 /Users/jeffreydavidson/Projects/Personal/Apps/Ringside/vendor/laravel/framework/src/Illuminate/Routing/Route.php(196): Illuminate\\Routing\\Route->runController()
#22 /Users/jeffreydavidson/Projects/Personal/Apps/Ringside/vendor/laravel/framework/src/Illuminate/Routing/Router.php(685): Illuminate\\Routing\\Route->run()
#23 /Users/jeffreydavidson/Projects/Personal/Apps/Ringside/vendor/laravel/framework/src/Illuminate/Pipeline/Pipeline.php(128): Illuminate\\Routing\\Router->Illuminate\\Routing\\{closure}(Object(Illuminate\\Http\\Request))
#24 /Users/jeffreydavidson/Projects/Personal/Apps/Ringside/vendor/laravel/framework/src/Illuminate/Routing/Middleware/SubstituteBindings.php(41): Illuminate\\Pipeline\\Pipeline->Illuminate\\Pipeline\\{closure}(Object(Illuminate\\Http\\Request))
#25 /Users/jeffreydavidson/Projects/Personal/Apps/Ringside/vendor/laravel/framework/src/Illuminate/Pipeline/Pipeline.php(167): Illuminate\\Routing\\Middleware\\SubstituteBindings->handle(Object(Illuminate\\Http\\Request), Object(Closure))
#26 /Users/jeffreydavidson/Projects/Personal/Apps/Ringside/vendor/laravel/framework/src/Illuminate/Auth/Middleware/Authenticate.php(44): Illuminate\\Pipeline\\Pipeline->Illuminate\\Pipeline\\{closure}(Object(Illuminate\\Http\\Request))
#27 /Users/jeffreydavidson/Projects/Personal/Apps/Ringside/vendor/laravel/framework/src/Illuminate/Pipeline/Pipeline.php(167): Illuminate\\Auth\\Middleware\\Authenticate->handle(Object(Illuminate\\Http\\Request), Object(Closure))
#28 /Users/jeffreydavidson/Projects/Personal/Apps/Ringside/vendor/laravel/framework/src/Illuminate/Foundation/Http/Middleware/VerifyCsrfToken.php(76): Illuminate\\Pipeline\\Pipeline->Illuminate\\Pipeline\\{closure}(Object(Illuminate\\Http\\Request))
#29 /Users/jeffreydavidson/Projects/Personal/Apps/Ringside/vendor/laravel/framework/src/Illuminate/Pipeline/Pipeline.php(167): Illuminate\\Foundation\\Http\\Middleware\\VerifyCsrfToken->handle(Object(Illuminate\\Http\\Request), Object(Closure))
#30 /Users/jeffreydavidson/Projects/Personal/Apps/Ringside/vendor/laravel/framework/src/Illuminate/View/Middleware/ShareErrorsFromSession.php(49): Illuminate\\Pipeline\\Pipeline->Illuminate\\Pipeline\\{closure}(Object(Illuminate\\Http\\Request))
#31 /Users/jeffreydavidson/Projects/Personal/Apps/Ringside/vendor/laravel/framework/src/Illuminate/Pipeline/Pipeline.php(167): Illuminate\\View\\Middleware\\ShareErrorsFromSession->handle(Object(Illuminate\\Http\\Request), Object(Closure))
#32 /Users/jeffreydavidson/Projects/Personal/Apps/Ringside/vendor/laravel/framework/src/Illuminate/Session/Middleware/StartSession.php(116): Illuminate\\Pipeline\\Pipeline->Illuminate\\Pipeline\\{closure}(Object(Illuminate\\Http\\Request))
#33 /Users/jeffreydavidson/Projects/Personal/Apps/Ringside/vendor/laravel/framework/src/Illuminate/Session/Middleware/StartSession.php(62): Illuminate\\Session\\Middleware\\StartSession->handleStatefulRequest(Object(Illuminate\\Http\\Request), Object(Illuminate\\Session\\Store), Object(Closure))
#34 /Users/jeffreydavidson/Projects/Personal/Apps/Ringside/vendor/laravel/framework/src/Illuminate/Pipeline/Pipeline.php(167): Illuminate\\Session\\Middleware\\StartSession->handle(Object(Illuminate\\Http\\Request), Object(Closure))
#35 /Users/jeffreydavidson/Projects/Personal/Apps/Ringside/vendor/laravel/framework/src/Illuminate/Cookie/Middleware/AddQueuedCookiesToResponse.php(37): Illuminate\\Pipeline\\Pipeline->Illuminate\\Pipeline\\{closure}(Object(Illuminate\\Http\\Request))
#36 /Users/jeffreydavidson/Projects/Personal/Apps/Ringside/vendor/laravel/framework/src/Illuminate/Pipeline/Pipeline.php(167): Illuminate\\Cookie\\Middleware\\AddQueuedCookiesToResponse->handle(Object(Illuminate\\Http\\Request), Object(Closure))
#37 /Users/jeffreydavidson/Projects/Personal/Apps/Ringside/vendor/laravel/framework/src/Illuminate/Cookie/Middleware/EncryptCookies.php(66): Illuminate\\Pipeline\\Pipeline->Illuminate\\Pipeline\\{closure}(Object(Illuminate\\Http\\Request))
#38 /Users/jeffreydavidson/Projects/Personal/Apps/Ringside/vendor/laravel/framework/src/Illuminate/Pipeline/Pipeline.php(167): Illuminate\\Cookie\\Middleware\\EncryptCookies->handle(Object(Illuminate\\Http\\Request), Object(Closure))
#39 /Users/jeffreydavidson/Projects/Personal/Apps/Ringside/vendor/laravel/framework/src/Illuminate/Pipeline/Pipeline.php(103): Illuminate\\Pipeline\\Pipeline->Illuminate\\Pipeline\\{closure}(Object(Illuminate\\Http\\Request))
#40 /Users/jeffreydavidson/Projects/Personal/Apps/Ringside/vendor/laravel/framework/src/Illuminate/Routing/Router.php(687): Illuminate\\Pipeline\\Pipeline->then(Object(Closure))
#41 /Users/jeffreydavidson/Projects/Personal/Apps/Ringside/vendor/laravel/framework/src/Illuminate/Routing/Router.php(662): Illuminate\\Routing\\Router->runRouteWithinStack(Object(Illuminate\\Routing\\Route), Object(Illuminate\\Http\\Request))
#42 /Users/jeffreydavidson/Projects/Personal/Apps/Ringside/vendor/laravel/framework/src/Illuminate/Routing/Router.php(628): Illuminate\\Routing\\Router->runRoute(Object(Illuminate\\Http\\Request), Object(Illuminate\\Routing\\Route))
#43 /Users/jeffreydavidson/Projects/Personal/Apps/Ringside/vendor/laravel/framework/src/Illuminate/Routing/Router.php(617): Illuminate\\Routing\\Router->dispatchToRoute(Object(Illuminate\\Http\\Request))
#44 /Users/jeffreydavidson/Projects/Personal/Apps/Ringside/vendor/laravel/framework/src/Illuminate/Foundation/Http/Kernel.php(165): Illuminate\\Routing\\Router->dispatch(Object(Illuminate\\Http\\Request))
#45 /Users/jeffreydavidson/Projects/Personal/Apps/Ringside/vendor/laravel/framework/src/Illuminate/Pipeline/Pipeline.php(128): Illuminate\\Foundation\\Http\\Kernel->Illuminate\\Foundation\\Http\\{closure}(Object(Illuminate\\Http\\Request))
#46 /Users/jeffreydavidson/Projects/Personal/Apps/Ringside/vendor/barryvdh/laravel-debugbar/src/Middleware/InjectDebugbar.php(58): Illuminate\\Pipeline\\Pipeline->Illuminate\\Pipeline\\{closure}(Object(Illuminate\\Http\\Request))
#47 /Users/jeffreydavidson/Projects/Personal/Apps/Ringside/vendor/laravel/framework/src/Illuminate/Pipeline/Pipeline.php(167): Barryvdh\\Debugbar\\Middleware\\InjectDebugbar->handle(Object(Illuminate\\Http\\Request), Object(Closure))
#48 /Users/jeffreydavidson/Projects/Personal/Apps/Ringside/app/Http/Middleware/FakeAjax.php(25): Illuminate\\Pipeline\\Pipeline->Illuminate\\Pipeline\\{closure}(Object(Illuminate\\Http\\Request))
#49 /Users/jeffreydavidson/Projects/Personal/Apps/Ringside/vendor/laravel/framework/src/Illuminate/Pipeline/Pipeline.php(167): App\\Http\\Middleware\\FakeAjax->handle(Object(Illuminate\\Http\\Request), Object(Closure))
#50 /Users/jeffreydavidson/Projects/Personal/Apps/Ringside/vendor/fideloper/proxy/src/TrustProxies.php(57): Illuminate\\Pipeline\\Pipeline->Illuminate\\Pipeline\\{closure}(Object(Illuminate\\Http\\Request))
#51 /Users/jeffreydavidson/Projects/Personal/Apps/Ringside/vendor/laravel/framework/src/Illuminate/Pipeline/Pipeline.php(167): Fideloper\\Proxy\\TrustProxies->handle(Object(Illuminate\\Http\\Request), Object(Closure))
#52 /Users/jeffreydavidson/Projects/Personal/Apps/Ringside/vendor/laravel/framework/src/Illuminate/Foundation/Http/Middleware/TransformsRequest.php(21): Illuminate\\Pipeline\\Pipeline->Illuminate\\Pipeline\\{closure}(Object(Illuminate\\Http\\Request))
#53 /Users/jeffreydavidson/Projects/Personal/Apps/Ringside/vendor/laravel/framework/src/Illuminate/Pipeline/Pipeline.php(167): Illuminate\\Foundation\\Http\\Middleware\\TransformsRequest->handle(Object(Illuminate\\Http\\Request), Object(Closure))
#54 /Users/jeffreydavidson/Projects/Personal/Apps/Ringside/vendor/laravel/framework/src/Illuminate/Foundation/Http/Middleware/TransformsRequest.php(21): Illuminate\\Pipeline\\Pipeline->Illuminate\\Pipeline\\{closure}(Object(Illuminate\\Http\\Request))
#55 /Users/jeffreydavidson/Projects/Personal/Apps/Ringside/vendor/laravel/framework/src/Illuminate/Pipeline/Pipeline.php(167): Illuminate\\Foundation\\Http\\Middleware\\TransformsRequest->handle(Object(Illuminate\\Http\\Request), Object(Closure))
#56 /Users/jeffreydavidson/Projects/Personal/Apps/Ringside/vendor/laravel/framework/src/Illuminate/Foundation/Http/Middleware/ValidatePostSize.php(27): Illuminate\\Pipeline\\Pipeline->Illuminate\\Pipeline\\{closure}(Object(Illuminate\\Http\\Request))
#57 /Users/jeffreydavidson/Projects/Personal/Apps/Ringside/vendor/laravel/framework/src/Illuminate/Pipeline/Pipeline.php(167): Illuminate\\Foundation\\Http\\Middleware\\ValidatePostSize->handle(Object(Illuminate\\Http\\Request), Object(Closure))
#58 /Users/jeffreydavidson/Projects/Personal/Apps/Ringside/vendor/laravel/framework/src/Illuminate/Foundation/Http/Middleware/CheckForMaintenanceMode.php(63): Illuminate\\Pipeline\\Pipeline->Illuminate\\Pipeline\\{closure}(Object(Illuminate\\Http\\Request))
#59 /Users/jeffreydavidson/Projects/Personal/Apps/Ringside/vendor/laravel/framework/src/Illuminate/Pipeline/Pipeline.php(167): Illuminate\\Foundation\\Http\\Middleware\\CheckForMaintenanceMode->handle(Object(Illuminate\\Http\\Request), Object(Closure))
#60 /Users/jeffreydavidson/Projects/Personal/Apps/Ringside/vendor/laravel/framework/src/Illuminate/Pipeline/Pipeline.php(103): Illuminate\\Pipeline\\Pipeline->Illuminate\\Pipeline\\{closure}(Object(Illuminate\\Http\\Request))
#61 /Users/jeffreydavidson/Projects/Personal/Apps/Ringside/vendor/laravel/framework/src/Illuminate/Foundation/Http/Kernel.php(140): Illuminate\\Pipeline\\Pipeline->then(Object(Closure))
#62 /Users/jeffreydavidson/Projects/Personal/Apps/Ringside/vendor/laravel/framework/src/Illuminate/Foundation/Http/Kernel.php(109): Illuminate\\Foundation\\Http\\Kernel->sendRequestThroughRouter(Object(Illuminate\\Http\\Request))
#63 /Users/jeffreydavidson/Projects/Personal/Apps/Ringside/vendor/laravel/framework/src/Illuminate/Foundation/Testing/Concerns/MakesHttpRequests.php(468): Illuminate\\Foundation\\Http\\Kernel->handle(Object(Illuminate\\Http\\Request))
#64 /Users/jeffreydavidson/Projects/Personal/Apps/Ringside/vendor/laravel/framework/src/Illuminate/Foundation/Testing/Concerns/MakesHttpRequests.php(315): Illuminate\\Foundation\\Testing\\TestCase->call('PUT', 'http://ringside...', Array, Array, Array, Array)
#65 /Users/jeffreydavidson/Projects/Personal/Apps/Ringside/tests/Traits/HasRequests.php(176): Illuminate\\Foundation\\Testing\\TestCase->put('http://ringside...')
#66 /Users/jeffreydavidson/Projects/Personal/Apps/Ringside/tests/Feature/Titles/ActivateTitleTest.php(31): Tests\\TestCase->activateRequest(Object(App\\Models\\Title))
#67 /Users/jeffreydavidson/Projects/Personal/Apps/Ringside/vendor/phpunit/phpunit/src/Framework/TestCase.php(1415): Tests\\Feature\\Titles\\ActivateTitleTest->an_administrator_can_activate_a_future_activation_title()
#68 /Users/jeffreydavidson/Projects/Personal/Apps/Ringside/vendor/phpunit/phpunit/src/Framework/TestCase.php(1035): PHPUnit\\Framework\\TestCase->runTest()
#69 /Users/jeffreydavidson/Projects/Personal/Apps/Ringside/vendor/phpunit/phpunit/src/Framework/TestResult.php(691): PHPUnit\\Framework\\TestCase->runBare()
#70 /Users/jeffreydavidson/Projects/Personal/Apps/Ringside/vendor/phpunit/phpunit/src/Framework/TestCase.php(763): PHPUnit\\Framework\\TestResult->run(Object(Tests\\Feature\\Titles\\ActivateTitleTest))
#71 /Users/jeffreydavidson/Projects/Personal/Apps/Ringside/vendor/phpunit/phpunit/src/Framework/TestSuite.php(597): PHPUnit\\Framework\\TestCase->run(Object(PHPUnit\\Framework\\TestResult))
#72 /Users/jeffreydavidson/Projects/Personal/Apps/Ringside/vendor/phpunit/phpunit/src/Framework/TestSuite.php(597): PHPUnit\\Framework\\TestSuite->run(Object(PHPUnit\\Framework\\TestResult))
#73 /Users/jeffreydavidson/Projects/Personal/Apps/Ringside/vendor/phpunit/phpunit/src/Framework/TestSuite.php(597): PHPUnit\\Framework\\TestSuite->run(Object(PHPUnit\\Framework\\TestResult))
#74 /Users/jeffreydavidson/Projects/Personal/Apps/Ringside/vendor/phpunit/phpunit/src/TextUI/TestRunner.php(621): PHPUnit\\Framework\\TestSuite->run(Object(PHPUnit\\Framework\\TestResult))
#75 /Users/jeffreydavidson/Projects/Personal/Apps/Ringside/vendor/phpunit/phpunit/src/TextUI/Command.php(204): PHPUnit\\TextUI\\TestRunner->doRun(Object(PHPUnit\\Framework\\TestSuite), Array, Array, true)
#76 /Users/jeffreydavidson/Projects/Personal/Apps/Ringside/vendor/phpunit/phpunit/src/TextUI/Command.php(163): PHPUnit\\TextUI\\Command->run(Array, true)
#77 /Users/jeffreydavidson/Projects/Personal/Apps/Ringside/vendor/phpunit/phpunit/phpunit(61): PHPUnit\\TextUI\\Command::main()
#78 {main}
"} 
