[2020-04-29 01:55:09] local.ERROR: SQLSTATE[HY000] [2002] php_network_getaddresses: getaddrinfo failed: nodename nor servname provided, or not known (SQL: select * from `users` where `id` = 5 limit 1) {"exception":"[object] (Illuminate\\Database\\QueryException(code: 2002): SQLSTATE[HY000] [2002] php_network_getaddresses: getaddrinfo failed: nodename nor servname provided, or not known (SQL: select * from `users` where `id` = 5 limit 1) at /Users/jeffreydavidson/Projects/Ringside/vendor/laravel/framework/src/Illuminate/Database/Connection.php:671)
[stacktrace]
#0 /Users/jeffreydavidson/Projects/Ringside/vendor/laravel/framework/src/Illuminate/Database/Connection.php(631): Illuminate\\Database\\Connection->runQueryCallback('select * from `...', Array, Object(Closure))
#1 /Users/jeffreydavidson/Projects/Ringside/vendor/laravel/framework/src/Illuminate/Database/Connection.php(339): Illuminate\\Database\\Connection->run('select * from `...', Array, Object(Closure))
#2 /Users/jeffreydavidson/Projects/Ringside/vendor/laravel/framework/src/Illuminate/Database/Query/Builder.php(2178): Illuminate\\Database\\Connection->select('select * from `...', Array, true)
#3 /Users/jeffreydavidson/Projects/Ringside/vendor/laravel/framework/src/Illuminate/Database/Query/Builder.php(2166): Illuminate\\Database\\Query\\Builder->runSelect()
#4 /Users/jeffreydavidson/Projects/Ringside/vendor/laravel/framework/src/Illuminate/Database/Query/Builder.php(2638): Illuminate\\Database\\Query\\Builder->Illuminate\\Database\\Query\\{closure}()
#5 /Users/jeffreydavidson/Projects/Ringside/vendor/laravel/framework/src/Illuminate/Database/Query/Builder.php(2167): Illuminate\\Database\\Query\\Builder->onceWithColumns(Array, Object(Closure))
#6 /Users/jeffreydavidson/Projects/Ringside/vendor/laravel/framework/src/Illuminate/Database/Eloquent/Builder.php(539): Illuminate\\Database\\Query\\Builder->get(Array)
#7 /Users/jeffreydavidson/Projects/Ringside/vendor/laravel/framework/src/Illuminate/Database/Eloquent/Builder.php(523): Illuminate\\Database\\Eloquent\\Builder->getModels(Array)
#8 /Users/jeffreydavidson/Projects/Ringside/vendor/laravel/framework/src/Illuminate/Database/Concerns/BuildsQueries.php(143): Illuminate\\Database\\Eloquent\\Builder->get(Array)
#9 /Users/jeffreydavidson/Projects/Ringside/vendor/laravel/framework/src/Illuminate/Auth/EloquentUserProvider.php(52): Illuminate\\Database\\Eloquent\\Builder->first()
#10 /Users/jeffreydavidson/Projects/Ringside/vendor/laravel/framework/src/Illuminate/Auth/SessionGuard.php(403): Illuminate\\Auth\\EloquentUserProvider->retrieveById(5)
#11 /Users/jeffreydavidson/Projects/Ringside/vendor/laravel/framework/src/Illuminate/Auth/AuthManager.php(307): Illuminate\\Auth\\SessionGuard->loginUsingId(5)
#12 /Users/jeffreydavidson/Projects/Ringside/vendor/laravel/framework/src/Illuminate/Support/Facades/Facade.php(261): Illuminate\\Auth\\AuthManager->__call('loginUsingId', Array)
#13 /Users/jeffreydavidson/Projects/Ringside/routes/web.php(3): Illuminate\\Support\\Facades\\Facade::__callStatic('loginUsingId', Array)
#14 /Users/jeffreydavidson/Projects/Ringside/vendor/laravel/framework/src/Illuminate/Routing/RouteFileRegistrar.php(35): require('/Users/jeffreyd...')
#15 /Users/jeffreydavidson/Projects/Ringside/vendor/laravel/framework/src/Illuminate/Routing/Router.php(417): Illuminate\\Routing\\RouteFileRegistrar->register('/Users/jeffreyd...')
#16 /Users/jeffreydavidson/Projects/Ringside/vendor/laravel/framework/src/Illuminate/Routing/Router.php(374): Illuminate\\Routing\\Router->loadRoutes('/Users/jeffreyd...')
#17 /Users/jeffreydavidson/Projects/Ringside/vendor/laravel/framework/src/Illuminate/Routing/RouteRegistrar.php(134): Illuminate\\Routing\\Router->group(Array, '/Users/jeffreyd...')
#18 /Users/jeffreydavidson/Projects/Ringside/app/Providers/RouteServiceProvider.php(55): Illuminate\\Routing\\RouteRegistrar->group('/Users/jeffreyd...')
#19 /Users/jeffreydavidson/Projects/Ringside/app/Providers/RouteServiceProvider.php(40): App\\Providers\\RouteServiceProvider->mapWebRoutes()
#20 [internal function]: App\\Providers\\RouteServiceProvider->map()
#21 /Users/jeffreydavidson/Projects/Ringside/vendor/laravel/framework/src/Illuminate/Container/BoundMethod.php(32): call_user_func_array(Array, Array)
#22 /Users/jeffreydavidson/Projects/Ringside/vendor/laravel/framework/src/Illuminate/Container/Util.php(36): Illuminate\\Container\\BoundMethod::Illuminate\\Container\\{closure}()
#23 /Users/jeffreydavidson/Projects/Ringside/vendor/laravel/framework/src/Illuminate/Container/BoundMethod.php(90): Illuminate\\Container\\Util::unwrapIfClosure(Object(Closure))
#24 /Users/jeffreydavidson/Projects/Ringside/vendor/laravel/framework/src/Illuminate/Container/BoundMethod.php(34): Illuminate\\Container\\BoundMethod::callBoundMethod(Object(Illuminate\\Foundation\\Application), Array, Object(Closure))
#25 /Users/jeffreydavidson/Projects/Ringside/vendor/laravel/framework/src/Illuminate/Container/Container.php(592): Illuminate\\Container\\BoundMethod::call(Object(Illuminate\\Foundation\\Application), Array, Array, NULL)
#26 /Users/jeffreydavidson/Projects/Ringside/vendor/laravel/framework/src/Illuminate/Foundation/Support/Providers/RouteServiceProvider.php(87): Illuminate\\Container\\Container->call(Array)
#27 /Users/jeffreydavidson/Projects/Ringside/vendor/laravel/framework/src/Illuminate/Foundation/Support/Providers/RouteServiceProvider.php(36): Illuminate\\Foundation\\Support\\Providers\\RouteServiceProvider->loadRoutes()
#28 /Users/jeffreydavidson/Projects/Ringside/app/Providers/RouteServiceProvider.php(28): Illuminate\\Foundation\\Support\\Providers\\RouteServiceProvider->boot()
#29 [internal function]: App\\Providers\\RouteServiceProvider->boot()
#30 /Users/jeffreydavidson/Projects/Ringside/vendor/laravel/framework/src/Illuminate/Container/BoundMethod.php(32): call_user_func_array(Array, Array)
#31 /Users/jeffreydavidson/Projects/Ringside/vendor/laravel/framework/src/Illuminate/Container/Util.php(36): Illuminate\\Container\\BoundMethod::Illuminate\\Container\\{closure}()
#32 /Users/jeffreydavidson/Projects/Ringside/vendor/laravel/framework/src/Illuminate/Container/BoundMethod.php(90): Illuminate\\Container\\Util::unwrapIfClosure(Object(Closure))
#33 /Users/jeffreydavidson/Projects/Ringside/vendor/laravel/framework/src/Illuminate/Container/BoundMethod.php(34): Illuminate\\Container\\BoundMethod::callBoundMethod(Object(Illuminate\\Foundation\\Application), Array, Object(Closure))
#34 /Users/jeffreydavidson/Projects/Ringside/vendor/laravel/framework/src/Illuminate/Container/Container.php(592): Illuminate\\Container\\BoundMethod::call(Object(Illuminate\\Foundation\\Application), Array, Array, NULL)
#35 /Users/jeffreydavidson/Projects/Ringside/vendor/laravel/framework/src/Illuminate/Foundation/Application.php(867): Illuminate\\Container\\Container->call(Array)
#36 /Users/jeffreydavidson/Projects/Ringside/vendor/laravel/framework/src/Illuminate/Foundation/Application.php(850): Illuminate\\Foundation\\Application->bootProvider(Object(App\\Providers\\RouteServiceProvider))
#37 [internal function]: Illuminate\\Foundation\\Application->Illuminate\\Foundation\\{closure}(Object(App\\Providers\\RouteServiceProvider), 34)
#38 /Users/jeffreydavidson/Projects/Ringside/vendor/laravel/framework/src/Illuminate/Foundation/Application.php(851): array_walk(Array, Object(Closure))
#39 /Users/jeffreydavidson/Projects/Ringside/vendor/laravel/framework/src/Illuminate/Foundation/Bootstrap/BootProviders.php(17): Illuminate\\Foundation\\Application->boot()
#40 /Users/jeffreydavidson/Projects/Ringside/vendor/laravel/framework/src/Illuminate/Foundation/Application.php(230): Illuminate\\Foundation\\Bootstrap\\BootProviders->bootstrap(Object(Illuminate\\Foundation\\Application))
#41 /Users/jeffreydavidson/Projects/Ringside/vendor/laravel/framework/src/Illuminate/Foundation/Console/Kernel.php(310): Illuminate\\Foundation\\Application->bootstrapWith(Array)
#42 /Users/jeffreydavidson/Projects/Ringside/vendor/laravel/framework/src/Illuminate/Foundation/Console/Kernel.php(127): Illuminate\\Foundation\\Console\\Kernel->bootstrap()
#43 /Users/jeffreydavidson/Projects/Ringside/artisan(37): Illuminate\\Foundation\\Console\\Kernel->handle(Object(Symfony\\Component\\Console\\Input\\ArgvInput), Object(Symfony\\Component\\Console\\Output\\ConsoleOutput))
#44 {main}

[previous exception] [object] (Doctrine\\DBAL\\Driver\\PDOException(code: 2002): SQLSTATE[HY000] [2002] php_network_getaddresses: getaddrinfo failed: nodename nor servname provided, or not known at /Users/jeffreydavidson/Projects/Ringside/vendor/doctrine/dbal/lib/Doctrine/DBAL/Driver/PDOConnection.php:31)
[stacktrace]
#0 /Users/jeffreydavidson/Projects/Ringside/vendor/laravel/framework/src/Illuminate/Database/Connectors/Connector.php(67): Doctrine\\DBAL\\Driver\\PDOConnection->__construct('mysql:host=data...', 'laravel', 'laravel', Array)
#1 /Users/jeffreydavidson/Projects/Ringside/vendor/laravel/framework/src/Illuminate/Database/Connectors/Connector.php(46): Illuminate\\Database\\Connectors\\Connector->createPdoConnection('mysql:host=data...', 'laravel', 'laravel', Array)
#2 /Users/jeffreydavidson/Projects/Ringside/vendor/laravel/framework/src/Illuminate/Database/Connectors/MySqlConnector.php(24): Illuminate\\Database\\Connectors\\Connector->createConnection('mysql:host=data...', Array, Array)
#3 /Users/jeffreydavidson/Projects/Ringside/vendor/laravel/framework/src/Illuminate/Database/Connectors/ConnectionFactory.php(182): Illuminate\\Database\\Connectors\\MySqlConnector->connect(Array)
#4 [internal function]: Illuminate\\Database\\Connectors\\ConnectionFactory->Illuminate\\Database\\Connectors\\{closure}()
#5 /Users/jeffreydavidson/Projects/Ringside/vendor/laravel/framework/src/Illuminate/Database/Connection.php(926): call_user_func(Object(Closure))
#6 /Users/jeffreydavidson/Projects/Ringside/vendor/laravel/framework/src/Illuminate/Database/Connection.php(961): Illuminate\\Database\\Connection->getPdo()
#7 /Users/jeffreydavidson/Projects/Ringside/vendor/laravel/framework/src/Illuminate/Database/Connection.php(405): Illuminate\\Database\\Connection->getReadPdo()
#8 /Users/jeffreydavidson/Projects/Ringside/vendor/laravel/framework/src/Illuminate/Database/Connection.php(331): Illuminate\\Database\\Connection->getPdoForSelect(true)
#9 /Users/jeffreydavidson/Projects/Ringside/vendor/laravel/framework/src/Illuminate/Database/Connection.php(664): Illuminate\\Database\\Connection->Illuminate\\Database\\{closure}('select * from `...', Array)
#10 /Users/jeffreydavidson/Projects/Ringside/vendor/laravel/framework/src/Illuminate/Database/Connection.php(631): Illuminate\\Database\\Connection->runQueryCallback('select * from `...', Array, Object(Closure))
#11 /Users/jeffreydavidson/Projects/Ringside/vendor/laravel/framework/src/Illuminate/Database/Connection.php(339): Illuminate\\Database\\Connection->run('select * from `...', Array, Object(Closure))
#12 /Users/jeffreydavidson/Projects/Ringside/vendor/laravel/framework/src/Illuminate/Database/Query/Builder.php(2178): Illuminate\\Database\\Connection->select('select * from `...', Array, true)
#13 /Users/jeffreydavidson/Projects/Ringside/vendor/laravel/framework/src/Illuminate/Database/Query/Builder.php(2166): Illuminate\\Database\\Query\\Builder->runSelect()
#14 /Users/jeffreydavidson/Projects/Ringside/vendor/laravel/framework/src/Illuminate/Database/Query/Builder.php(2638): Illuminate\\Database\\Query\\Builder->Illuminate\\Database\\Query\\{closure}()
#15 /Users/jeffreydavidson/Projects/Ringside/vendor/laravel/framework/src/Illuminate/Database/Query/Builder.php(2167): Illuminate\\Database\\Query\\Builder->onceWithColumns(Array, Object(Closure))
#16 /Users/jeffreydavidson/Projects/Ringside/vendor/laravel/framework/src/Illuminate/Database/Eloquent/Builder.php(539): Illuminate\\Database\\Query\\Builder->get(Array)
#17 /Users/jeffreydavidson/Projects/Ringside/vendor/laravel/framework/src/Illuminate/Database/Eloquent/Builder.php(523): Illuminate\\Database\\Eloquent\\Builder->getModels(Array)
#18 /Users/jeffreydavidson/Projects/Ringside/vendor/laravel/framework/src/Illuminate/Database/Concerns/BuildsQueries.php(143): Illuminate\\Database\\Eloquent\\Builder->get(Array)
#19 /Users/jeffreydavidson/Projects/Ringside/vendor/laravel/framework/src/Illuminate/Auth/EloquentUserProvider.php(52): Illuminate\\Database\\Eloquent\\Builder->first()
#20 /Users/jeffreydavidson/Projects/Ringside/vendor/laravel/framework/src/Illuminate/Auth/SessionGuard.php(403): Illuminate\\Auth\\EloquentUserProvider->retrieveById(5)
#21 /Users/jeffreydavidson/Projects/Ringside/vendor/laravel/framework/src/Illuminate/Auth/AuthManager.php(307): Illuminate\\Auth\\SessionGuard->loginUsingId(5)
#22 /Users/jeffreydavidson/Projects/Ringside/vendor/laravel/framework/src/Illuminate/Support/Facades/Facade.php(261): Illuminate\\Auth\\AuthManager->__call('loginUsingId', Array)
#23 /Users/jeffreydavidson/Projects/Ringside/routes/web.php(3): Illuminate\\Support\\Facades\\Facade::__callStatic('loginUsingId', Array)
#24 /Users/jeffreydavidson/Projects/Ringside/vendor/laravel/framework/src/Illuminate/Routing/RouteFileRegistrar.php(35): require('/Users/jeffreyd...')
#25 /Users/jeffreydavidson/Projects/Ringside/vendor/laravel/framework/src/Illuminate/Routing/Router.php(417): Illuminate\\Routing\\RouteFileRegistrar->register('/Users/jeffreyd...')
#26 /Users/jeffreydavidson/Projects/Ringside/vendor/laravel/framework/src/Illuminate/Routing/Router.php(374): Illuminate\\Routing\\Router->loadRoutes('/Users/jeffreyd...')
#27 /Users/jeffreydavidson/Projects/Ringside/vendor/laravel/framework/src/Illuminate/Routing/RouteRegistrar.php(134): Illuminate\\Routing\\Router->group(Array, '/Users/jeffreyd...')
#28 /Users/jeffreydavidson/Projects/Ringside/app/Providers/RouteServiceProvider.php(55): Illuminate\\Routing\\RouteRegistrar->group('/Users/jeffreyd...')
#29 /Users/jeffreydavidson/Projects/Ringside/app/Providers/RouteServiceProvider.php(40): App\\Providers\\RouteServiceProvider->mapWebRoutes()
#30 [internal function]: App\\Providers\\RouteServiceProvider->map()
#31 /Users/jeffreydavidson/Projects/Ringside/vendor/laravel/framework/src/Illuminate/Container/BoundMethod.php(32): call_user_func_array(Array, Array)
#32 /Users/jeffreydavidson/Projects/Ringside/vendor/laravel/framework/src/Illuminate/Container/Util.php(36): Illuminate\\Container\\BoundMethod::Illuminate\\Container\\{closure}()
#33 /Users/jeffreydavidson/Projects/Ringside/vendor/laravel/framework/src/Illuminate/Container/BoundMethod.php(90): Illuminate\\Container\\Util::unwrapIfClosure(Object(Closure))
#34 /Users/jeffreydavidson/Projects/Ringside/vendor/laravel/framework/src/Illuminate/Container/BoundMethod.php(34): Illuminate\\Container\\BoundMethod::callBoundMethod(Object(Illuminate\\Foundation\\Application), Array, Object(Closure))
#35 /Users/jeffreydavidson/Projects/Ringside/vendor/laravel/framework/src/Illuminate/Container/Container.php(592): Illuminate\\Container\\BoundMethod::call(Object(Illuminate\\Foundation\\Application), Array, Array, NULL)
#36 /Users/jeffreydavidson/Projects/Ringside/vendor/laravel/framework/src/Illuminate/Foundation/Support/Providers/RouteServiceProvider.php(87): Illuminate\\Container\\Container->call(Array)
#37 /Users/jeffreydavidson/Projects/Ringside/vendor/laravel/framework/src/Illuminate/Foundation/Support/Providers/RouteServiceProvider.php(36): Illuminate\\Foundation\\Support\\Providers\\RouteServiceProvider->loadRoutes()
#38 /Users/jeffreydavidson/Projects/Ringside/app/Providers/RouteServiceProvider.php(28): Illuminate\\Foundation\\Support\\Providers\\RouteServiceProvider->boot()
#39 [internal function]: App\\Providers\\RouteServiceProvider->boot()
#40 /Users/jeffreydavidson/Projects/Ringside/vendor/laravel/framework/src/Illuminate/Container/BoundMethod.php(32): call_user_func_array(Array, Array)
#41 /Users/jeffreydavidson/Projects/Ringside/vendor/laravel/framework/src/Illuminate/Container/Util.php(36): Illuminate\\Container\\BoundMethod::Illuminate\\Container\\{closure}()
#42 /Users/jeffreydavidson/Projects/Ringside/vendor/laravel/framework/src/Illuminate/Container/BoundMethod.php(90): Illuminate\\Container\\Util::unwrapIfClosure(Object(Closure))
#43 /Users/jeffreydavidson/Projects/Ringside/vendor/laravel/framework/src/Illuminate/Container/BoundMethod.php(34): Illuminate\\Container\\BoundMethod::callBoundMethod(Object(Illuminate\\Foundation\\Application), Array, Object(Closure))
#44 /Users/jeffreydavidson/Projects/Ringside/vendor/laravel/framework/src/Illuminate/Container/Container.php(592): Illuminate\\Container\\BoundMethod::call(Object(Illuminate\\Foundation\\Application), Array, Array, NULL)
#45 /Users/jeffreydavidson/Projects/Ringside/vendor/laravel/framework/src/Illuminate/Foundation/Application.php(867): Illuminate\\Container\\Container->call(Array)
#46 /Users/jeffreydavidson/Projects/Ringside/vendor/laravel/framework/src/Illuminate/Foundation/Application.php(850): Illuminate\\Foundation\\Application->bootProvider(Object(App\\Providers\\RouteServiceProvider))
#47 [internal function]: Illuminate\\Foundation\\Application->Illuminate\\Foundation\\{closure}(Object(App\\Providers\\RouteServiceProvider), 34)
#48 /Users/jeffreydavidson/Projects/Ringside/vendor/laravel/framework/src/Illuminate/Foundation/Application.php(851): array_walk(Array, Object(Closure))
#49 /Users/jeffreydavidson/Projects/Ringside/vendor/laravel/framework/src/Illuminate/Foundation/Bootstrap/BootProviders.php(17): Illuminate\\Foundation\\Application->boot()
#50 /Users/jeffreydavidson/Projects/Ringside/vendor/laravel/framework/src/Illuminate/Foundation/Application.php(230): Illuminate\\Foundation\\Bootstrap\\BootProviders->bootstrap(Object(Illuminate\\Foundation\\Application))
#51 /Users/jeffreydavidson/Projects/Ringside/vendor/laravel/framework/src/Illuminate/Foundation/Console/Kernel.php(310): Illuminate\\Foundation\\Application->bootstrapWith(Array)
#52 /Users/jeffreydavidson/Projects/Ringside/vendor/laravel/framework/src/Illuminate/Foundation/Console/Kernel.php(127): Illuminate\\Foundation\\Console\\Kernel->bootstrap()
#53 /Users/jeffreydavidson/Projects/Ringside/artisan(37): Illuminate\\Foundation\\Console\\Kernel->handle(Object(Symfony\\Component\\Console\\Input\\ArgvInput), Object(Symfony\\Component\\Console\\Output\\ConsoleOutput))
#54 {main}

[previous exception] [object] (PDOException(code: 2002): SQLSTATE[HY000] [2002] php_network_getaddresses: getaddrinfo failed: nodename nor servname provided, or not known at /Users/jeffreydavidson/Projects/Ringside/vendor/doctrine/dbal/lib/Doctrine/DBAL/Driver/PDOConnection.php:27)
[stacktrace]
#0 /Users/jeffreydavidson/Projects/Ringside/vendor/doctrine/dbal/lib/Doctrine/DBAL/Driver/PDOConnection.php(27): PDO->__construct('mysql:host=data...', 'laravel', 'laravel', Array)
#1 /Users/jeffreydavidson/Projects/Ringside/vendor/laravel/framework/src/Illuminate/Database/Connectors/Connector.php(67): Doctrine\\DBAL\\Driver\\PDOConnection->__construct('mysql:host=data...', 'laravel', 'laravel', Array)
#2 /Users/jeffreydavidson/Projects/Ringside/vendor/laravel/framework/src/Illuminate/Database/Connectors/Connector.php(46): Illuminate\\Database\\Connectors\\Connector->createPdoConnection('mysql:host=data...', 'laravel', 'laravel', Array)
#3 /Users/jeffreydavidson/Projects/Ringside/vendor/laravel/framework/src/Illuminate/Database/Connectors/MySqlConnector.php(24): Illuminate\\Database\\Connectors\\Connector->createConnection('mysql:host=data...', Array, Array)
#4 /Users/jeffreydavidson/Projects/Ringside/vendor/laravel/framework/src/Illuminate/Database/Connectors/ConnectionFactory.php(182): Illuminate\\Database\\Connectors\\MySqlConnector->connect(Array)
#5 [internal function]: Illuminate\\Database\\Connectors\\ConnectionFactory->Illuminate\\Database\\Connectors\\{closure}()
#6 /Users/jeffreydavidson/Projects/Ringside/vendor/laravel/framework/src/Illuminate/Database/Connection.php(926): call_user_func(Object(Closure))
#7 /Users/jeffreydavidson/Projects/Ringside/vendor/laravel/framework/src/Illuminate/Database/Connection.php(961): Illuminate\\Database\\Connection->getPdo()
#8 /Users/jeffreydavidson/Projects/Ringside/vendor/laravel/framework/src/Illuminate/Database/Connection.php(405): Illuminate\\Database\\Connection->getReadPdo()
#9 /Users/jeffreydavidson/Projects/Ringside/vendor/laravel/framework/src/Illuminate/Database/Connection.php(331): Illuminate\\Database\\Connection->getPdoForSelect(true)
#10 /Users/jeffreydavidson/Projects/Ringside/vendor/laravel/framework/src/Illuminate/Database/Connection.php(664): Illuminate\\Database\\Connection->Illuminate\\Database\\{closure}('select * from `...', Array)
#11 /Users/jeffreydavidson/Projects/Ringside/vendor/laravel/framework/src/Illuminate/Database/Connection.php(631): Illuminate\\Database\\Connection->runQueryCallback('select * from `...', Array, Object(Closure))
#12 /Users/jeffreydavidson/Projects/Ringside/vendor/laravel/framework/src/Illuminate/Database/Connection.php(339): Illuminate\\Database\\Connection->run('select * from `...', Array, Object(Closure))
#13 /Users/jeffreydavidson/Projects/Ringside/vendor/laravel/framework/src/Illuminate/Database/Query/Builder.php(2178): Illuminate\\Database\\Connection->select('select * from `...', Array, true)
#14 /Users/jeffreydavidson/Projects/Ringside/vendor/laravel/framework/src/Illuminate/Database/Query/Builder.php(2166): Illuminate\\Database\\Query\\Builder->runSelect()
#15 /Users/jeffreydavidson/Projects/Ringside/vendor/laravel/framework/src/Illuminate/Database/Query/Builder.php(2638): Illuminate\\Database\\Query\\Builder->Illuminate\\Database\\Query\\{closure}()
#16 /Users/jeffreydavidson/Projects/Ringside/vendor/laravel/framework/src/Illuminate/Database/Query/Builder.php(2167): Illuminate\\Database\\Query\\Builder->onceWithColumns(Array, Object(Closure))
#17 /Users/jeffreydavidson/Projects/Ringside/vendor/laravel/framework/src/Illuminate/Database/Eloquent/Builder.php(539): Illuminate\\Database\\Query\\Builder->get(Array)
#18 /Users/jeffreydavidson/Projects/Ringside/vendor/laravel/framework/src/Illuminate/Database/Eloquent/Builder.php(523): Illuminate\\Database\\Eloquent\\Builder->getModels(Array)
#19 /Users/jeffreydavidson/Projects/Ringside/vendor/laravel/framework/src/Illuminate/Database/Concerns/BuildsQueries.php(143): Illuminate\\Database\\Eloquent\\Builder->get(Array)
#20 /Users/jeffreydavidson/Projects/Ringside/vendor/laravel/framework/src/Illuminate/Auth/EloquentUserProvider.php(52): Illuminate\\Database\\Eloquent\\Builder->first()
#21 /Users/jeffreydavidson/Projects/Ringside/vendor/laravel/framework/src/Illuminate/Auth/SessionGuard.php(403): Illuminate\\Auth\\EloquentUserProvider->retrieveById(5)
#22 /Users/jeffreydavidson/Projects/Ringside/vendor/laravel/framework/src/Illuminate/Auth/AuthManager.php(307): Illuminate\\Auth\\SessionGuard->loginUsingId(5)
#23 /Users/jeffreydavidson/Projects/Ringside/vendor/laravel/framework/src/Illuminate/Support/Facades/Facade.php(261): Illuminate\\Auth\\AuthManager->__call('loginUsingId', Array)
#24 /Users/jeffreydavidson/Projects/Ringside/routes/web.php(3): Illuminate\\Support\\Facades\\Facade::__callStatic('loginUsingId', Array)
#25 /Users/jeffreydavidson/Projects/Ringside/vendor/laravel/framework/src/Illuminate/Routing/RouteFileRegistrar.php(35): require('/Users/jeffreyd...')
#26 /Users/jeffreydavidson/Projects/Ringside/vendor/laravel/framework/src/Illuminate/Routing/Router.php(417): Illuminate\\Routing\\RouteFileRegistrar->register('/Users/jeffreyd...')
#27 /Users/jeffreydavidson/Projects/Ringside/vendor/laravel/framework/src/Illuminate/Routing/Router.php(374): Illuminate\\Routing\\Router->loadRoutes('/Users/jeffreyd...')
#28 /Users/jeffreydavidson/Projects/Ringside/vendor/laravel/framework/src/Illuminate/Routing/RouteRegistrar.php(134): Illuminate\\Routing\\Router->group(Array, '/Users/jeffreyd...')
#29 /Users/jeffreydavidson/Projects/Ringside/app/Providers/RouteServiceProvider.php(55): Illuminate\\Routing\\RouteRegistrar->group('/Users/jeffreyd...')
#30 /Users/jeffreydavidson/Projects/Ringside/app/Providers/RouteServiceProvider.php(40): App\\Providers\\RouteServiceProvider->mapWebRoutes()
#31 [internal function]: App\\Providers\\RouteServiceProvider->map()
#32 /Users/jeffreydavidson/Projects/Ringside/vendor/laravel/framework/src/Illuminate/Container/BoundMethod.php(32): call_user_func_array(Array, Array)
#33 /Users/jeffreydavidson/Projects/Ringside/vendor/laravel/framework/src/Illuminate/Container/Util.php(36): Illuminate\\Container\\BoundMethod::Illuminate\\Container\\{closure}()
#34 /Users/jeffreydavidson/Projects/Ringside/vendor/laravel/framework/src/Illuminate/Container/BoundMethod.php(90): Illuminate\\Container\\Util::unwrapIfClosure(Object(Closure))
#35 /Users/jeffreydavidson/Projects/Ringside/vendor/laravel/framework/src/Illuminate/Container/BoundMethod.php(34): Illuminate\\Container\\BoundMethod::callBoundMethod(Object(Illuminate\\Foundation\\Application), Array, Object(Closure))
#36 /Users/jeffreydavidson/Projects/Ringside/vendor/laravel/framework/src/Illuminate/Container/Container.php(592): Illuminate\\Container\\BoundMethod::call(Object(Illuminate\\Foundation\\Application), Array, Array, NULL)
#37 /Users/jeffreydavidson/Projects/Ringside/vendor/laravel/framework/src/Illuminate/Foundation/Support/Providers/RouteServiceProvider.php(87): Illuminate\\Container\\Container->call(Array)
#38 /Users/jeffreydavidson/Projects/Ringside/vendor/laravel/framework/src/Illuminate/Foundation/Support/Providers/RouteServiceProvider.php(36): Illuminate\\Foundation\\Support\\Providers\\RouteServiceProvider->loadRoutes()
#39 /Users/jeffreydavidson/Projects/Ringside/app/Providers/RouteServiceProvider.php(28): Illuminate\\Foundation\\Support\\Providers\\RouteServiceProvider->boot()
#40 [internal function]: App\\Providers\\RouteServiceProvider->boot()
#41 /Users/jeffreydavidson/Projects/Ringside/vendor/laravel/framework/src/Illuminate/Container/BoundMethod.php(32): call_user_func_array(Array, Array)
#42 /Users/jeffreydavidson/Projects/Ringside/vendor/laravel/framework/src/Illuminate/Container/Util.php(36): Illuminate\\Container\\BoundMethod::Illuminate\\Container\\{closure}()
#43 /Users/jeffreydavidson/Projects/Ringside/vendor/laravel/framework/src/Illuminate/Container/BoundMethod.php(90): Illuminate\\Container\\Util::unwrapIfClosure(Object(Closure))
#44 /Users/jeffreydavidson/Projects/Ringside/vendor/laravel/framework/src/Illuminate/Container/BoundMethod.php(34): Illuminate\\Container\\BoundMethod::callBoundMethod(Object(Illuminate\\Foundation\\Application), Array, Object(Closure))
#45 /Users/jeffreydavidson/Projects/Ringside/vendor/laravel/framework/src/Illuminate/Container/Container.php(592): Illuminate\\Container\\BoundMethod::call(Object(Illuminate\\Foundation\\Application), Array, Array, NULL)
#46 /Users/jeffreydavidson/Projects/Ringside/vendor/laravel/framework/src/Illuminate/Foundation/Application.php(867): Illuminate\\Container\\Container->call(Array)
#47 /Users/jeffreydavidson/Projects/Ringside/vendor/laravel/framework/src/Illuminate/Foundation/Application.php(850): Illuminate\\Foundation\\Application->bootProvider(Object(App\\Providers\\RouteServiceProvider))
#48 [internal function]: Illuminate\\Foundation\\Application->Illuminate\\Foundation\\{closure}(Object(App\\Providers\\RouteServiceProvider), 34)
#49 /Users/jeffreydavidson/Projects/Ringside/vendor/laravel/framework/src/Illuminate/Foundation/Application.php(851): array_walk(Array, Object(Closure))
#50 /Users/jeffreydavidson/Projects/Ringside/vendor/laravel/framework/src/Illuminate/Foundation/Bootstrap/BootProviders.php(17): Illuminate\\Foundation\\Application->boot()
#51 /Users/jeffreydavidson/Projects/Ringside/vendor/laravel/framework/src/Illuminate/Foundation/Application.php(230): Illuminate\\Foundation\\Bootstrap\\BootProviders->bootstrap(Object(Illuminate\\Foundation\\Application))
#52 /Users/jeffreydavidson/Projects/Ringside/vendor/laravel/framework/src/Illuminate/Foundation/Console/Kernel.php(310): Illuminate\\Foundation\\Application->bootstrapWith(Array)
#53 /Users/jeffreydavidson/Projects/Ringside/vendor/laravel/framework/src/Illuminate/Foundation/Console/Kernel.php(127): Illuminate\\Foundation\\Console\\Kernel->bootstrap()
#54 /Users/jeffreydavidson/Projects/Ringside/artisan(37): Illuminate\\Foundation\\Console\\Kernel->handle(Object(Symfony\\Component\\Console\\Input\\ArgvInput), Object(Symfony\\Component\\Console\\Output\\ConsoleOutput))
#55 {main}

[previous exception] [object] (PDOException(code: 0): PDO::__construct(): php_network_getaddresses: getaddrinfo failed: nodename nor servname provided, or not known at /Users/jeffreydavidson/Projects/Ringside/vendor/doctrine/dbal/lib/Doctrine/DBAL/Driver/PDOConnection.php:27)
[stacktrace]
#0 /Users/jeffreydavidson/Projects/Ringside/vendor/doctrine/dbal/lib/Doctrine/DBAL/Driver/PDOConnection.php(27): PDO->__construct('mysql:host=data...', 'laravel', 'laravel', Array)
#1 /Users/jeffreydavidson/Projects/Ringside/vendor/laravel/framework/src/Illuminate/Database/Connectors/Connector.php(67): Doctrine\\DBAL\\Driver\\PDOConnection->__construct('mysql:host=data...', 'laravel', 'laravel', Array)
#2 /Users/jeffreydavidson/Projects/Ringside/vendor/laravel/framework/src/Illuminate/Database/Connectors/Connector.php(46): Illuminate\\Database\\Connectors\\Connector->createPdoConnection('mysql:host=data...', 'laravel', 'laravel', Array)
#3 /Users/jeffreydavidson/Projects/Ringside/vendor/laravel/framework/src/Illuminate/Database/Connectors/MySqlConnector.php(24): Illuminate\\Database\\Connectors\\Connector->createConnection('mysql:host=data...', Array, Array)
#4 /Users/jeffreydavidson/Projects/Ringside/vendor/laravel/framework/src/Illuminate/Database/Connectors/ConnectionFactory.php(182): Illuminate\\Database\\Connectors\\MySqlConnector->connect(Array)
#5 [internal function]: Illuminate\\Database\\Connectors\\ConnectionFactory->Illuminate\\Database\\Connectors\\{closure}()
#6 /Users/jeffreydavidson/Projects/Ringside/vendor/laravel/framework/src/Illuminate/Database/Connection.php(926): call_user_func(Object(Closure))
#7 /Users/jeffreydavidson/Projects/Ringside/vendor/laravel/framework/src/Illuminate/Database/Connection.php(961): Illuminate\\Database\\Connection->getPdo()
#8 /Users/jeffreydavidson/Projects/Ringside/vendor/laravel/framework/src/Illuminate/Database/Connection.php(405): Illuminate\\Database\\Connection->getReadPdo()
#9 /Users/jeffreydavidson/Projects/Ringside/vendor/laravel/framework/src/Illuminate/Database/Connection.php(331): Illuminate\\Database\\Connection->getPdoForSelect(true)
#10 /Users/jeffreydavidson/Projects/Ringside/vendor/laravel/framework/src/Illuminate/Database/Connection.php(664): Illuminate\\Database\\Connection->Illuminate\\Database\\{closure}('select * from `...', Array)
#11 /Users/jeffreydavidson/Projects/Ringside/vendor/laravel/framework/src/Illuminate/Database/Connection.php(631): Illuminate\\Database\\Connection->runQueryCallback('select * from `...', Array, Object(Closure))
#12 /Users/jeffreydavidson/Projects/Ringside/vendor/laravel/framework/src/Illuminate/Database/Connection.php(339): Illuminate\\Database\\Connection->run('select * from `...', Array, Object(Closure))
#13 /Users/jeffreydavidson/Projects/Ringside/vendor/laravel/framework/src/Illuminate/Database/Query/Builder.php(2178): Illuminate\\Database\\Connection->select('select * from `...', Array, true)
#14 /Users/jeffreydavidson/Projects/Ringside/vendor/laravel/framework/src/Illuminate/Database/Query/Builder.php(2166): Illuminate\\Database\\Query\\Builder->runSelect()
#15 /Users/jeffreydavidson/Projects/Ringside/vendor/laravel/framework/src/Illuminate/Database/Query/Builder.php(2638): Illuminate\\Database\\Query\\Builder->Illuminate\\Database\\Query\\{closure}()
#16 /Users/jeffreydavidson/Projects/Ringside/vendor/laravel/framework/src/Illuminate/Database/Query/Builder.php(2167): Illuminate\\Database\\Query\\Builder->onceWithColumns(Array, Object(Closure))
#17 /Users/jeffreydavidson/Projects/Ringside/vendor/laravel/framework/src/Illuminate/Database/Eloquent/Builder.php(539): Illuminate\\Database\\Query\\Builder->get(Array)
#18 /Users/jeffreydavidson/Projects/Ringside/vendor/laravel/framework/src/Illuminate/Database/Eloquent/Builder.php(523): Illuminate\\Database\\Eloquent\\Builder->getModels(Array)
#19 /Users/jeffreydavidson/Projects/Ringside/vendor/laravel/framework/src/Illuminate/Database/Concerns/BuildsQueries.php(143): Illuminate\\Database\\Eloquent\\Builder->get(Array)
#20 /Users/jeffreydavidson/Projects/Ringside/vendor/laravel/framework/src/Illuminate/Auth/EloquentUserProvider.php(52): Illuminate\\Database\\Eloquent\\Builder->first()
#21 /Users/jeffreydavidson/Projects/Ringside/vendor/laravel/framework/src/Illuminate/Auth/SessionGuard.php(403): Illuminate\\Auth\\EloquentUserProvider->retrieveById(5)
#22 /Users/jeffreydavidson/Projects/Ringside/vendor/laravel/framework/src/Illuminate/Auth/AuthManager.php(307): Illuminate\\Auth\\SessionGuard->loginUsingId(5)
#23 /Users/jeffreydavidson/Projects/Ringside/vendor/laravel/framework/src/Illuminate/Support/Facades/Facade.php(261): Illuminate\\Auth\\AuthManager->__call('loginUsingId', Array)
#24 /Users/jeffreydavidson/Projects/Ringside/routes/web.php(3): Illuminate\\Support\\Facades\\Facade::__callStatic('loginUsingId', Array)
#25 /Users/jeffreydavidson/Projects/Ringside/vendor/laravel/framework/src/Illuminate/Routing/RouteFileRegistrar.php(35): require('/Users/jeffreyd...')
#26 /Users/jeffreydavidson/Projects/Ringside/vendor/laravel/framework/src/Illuminate/Routing/Router.php(417): Illuminate\\Routing\\RouteFileRegistrar->register('/Users/jeffreyd...')
#27 /Users/jeffreydavidson/Projects/Ringside/vendor/laravel/framework/src/Illuminate/Routing/Router.php(374): Illuminate\\Routing\\Router->loadRoutes('/Users/jeffreyd...')
#28 /Users/jeffreydavidson/Projects/Ringside/vendor/laravel/framework/src/Illuminate/Routing/RouteRegistrar.php(134): Illuminate\\Routing\\Router->group(Array, '/Users/jeffreyd...')
#29 /Users/jeffreydavidson/Projects/Ringside/app/Providers/RouteServiceProvider.php(55): Illuminate\\Routing\\RouteRegistrar->group('/Users/jeffreyd...')
#30 /Users/jeffreydavidson/Projects/Ringside/app/Providers/RouteServiceProvider.php(40): App\\Providers\\RouteServiceProvider->mapWebRoutes()
#31 [internal function]: App\\Providers\\RouteServiceProvider->map()
#32 /Users/jeffreydavidson/Projects/Ringside/vendor/laravel/framework/src/Illuminate/Container/BoundMethod.php(32): call_user_func_array(Array, Array)
#33 /Users/jeffreydavidson/Projects/Ringside/vendor/laravel/framework/src/Illuminate/Container/Util.php(36): Illuminate\\Container\\BoundMethod::Illuminate\\Container\\{closure}()
#34 /Users/jeffreydavidson/Projects/Ringside/vendor/laravel/framework/src/Illuminate/Container/BoundMethod.php(90): Illuminate\\Container\\Util::unwrapIfClosure(Object(Closure))
#35 /Users/jeffreydavidson/Projects/Ringside/vendor/laravel/framework/src/Illuminate/Container/BoundMethod.php(34): Illuminate\\Container\\BoundMethod::callBoundMethod(Object(Illuminate\\Foundation\\Application), Array, Object(Closure))
#36 /Users/jeffreydavidson/Projects/Ringside/vendor/laravel/framework/src/Illuminate/Container/Container.php(592): Illuminate\\Container\\BoundMethod::call(Object(Illuminate\\Foundation\\Application), Array, Array, NULL)
#37 /Users/jeffreydavidson/Projects/Ringside/vendor/laravel/framework/src/Illuminate/Foundation/Support/Providers/RouteServiceProvider.php(87): Illuminate\\Container\\Container->call(Array)
#38 /Users/jeffreydavidson/Projects/Ringside/vendor/laravel/framework/src/Illuminate/Foundation/Support/Providers/RouteServiceProvider.php(36): Illuminate\\Foundation\\Support\\Providers\\RouteServiceProvider->loadRoutes()
#39 /Users/jeffreydavidson/Projects/Ringside/app/Providers/RouteServiceProvider.php(28): Illuminate\\Foundation\\Support\\Providers\\RouteServiceProvider->boot()
#40 [internal function]: App\\Providers\\RouteServiceProvider->boot()
#41 /Users/jeffreydavidson/Projects/Ringside/vendor/laravel/framework/src/Illuminate/Container/BoundMethod.php(32): call_user_func_array(Array, Array)
#42 /Users/jeffreydavidson/Projects/Ringside/vendor/laravel/framework/src/Illuminate/Container/Util.php(36): Illuminate\\Container\\BoundMethod::Illuminate\\Container\\{closure}()
#43 /Users/jeffreydavidson/Projects/Ringside/vendor/laravel/framework/src/Illuminate/Container/BoundMethod.php(90): Illuminate\\Container\\Util::unwrapIfClosure(Object(Closure))
#44 /Users/jeffreydavidson/Projects/Ringside/vendor/laravel/framework/src/Illuminate/Container/BoundMethod.php(34): Illuminate\\Container\\BoundMethod::callBoundMethod(Object(Illuminate\\Foundation\\Application), Array, Object(Closure))
#45 /Users/jeffreydavidson/Projects/Ringside/vendor/laravel/framework/src/Illuminate/Container/Container.php(592): Illuminate\\Container\\BoundMethod::call(Object(Illuminate\\Foundation\\Application), Array, Array, NULL)
#46 /Users/jeffreydavidson/Projects/Ringside/vendor/laravel/framework/src/Illuminate/Foundation/Application.php(867): Illuminate\\Container\\Container->call(Array)
#47 /Users/jeffreydavidson/Projects/Ringside/vendor/laravel/framework/src/Illuminate/Foundation/Application.php(850): Illuminate\\Foundation\\Application->bootProvider(Object(App\\Providers\\RouteServiceProvider))
#48 [internal function]: Illuminate\\Foundation\\Application->Illuminate\\Foundation\\{closure}(Object(App\\Providers\\RouteServiceProvider), 34)
#49 /Users/jeffreydavidson/Projects/Ringside/vendor/laravel/framework/src/Illuminate/Foundation/Application.php(851): array_walk(Array, Object(Closure))
#50 /Users/jeffreydavidson/Projects/Ringside/vendor/laravel/framework/src/Illuminate/Foundation/Bootstrap/BootProviders.php(17): Illuminate\\Foundation\\Application->boot()
#51 /Users/jeffreydavidson/Projects/Ringside/vendor/laravel/framework/src/Illuminate/Foundation/Application.php(230): Illuminate\\Foundation\\Bootstrap\\BootProviders->bootstrap(Object(Illuminate\\Foundation\\Application))
#52 /Users/jeffreydavidson/Projects/Ringside/vendor/laravel/framework/src/Illuminate/Foundation/Console/Kernel.php(310): Illuminate\\Foundation\\Application->bootstrapWith(Array)
#53 /Users/jeffreydavidson/Projects/Ringside/vendor/laravel/framework/src/Illuminate/Foundation/Console/Kernel.php(127): Illuminate\\Foundation\\Console\\Kernel->bootstrap()
#54 /Users/jeffreydavidson/Projects/Ringside/artisan(37): Illuminate\\Foundation\\Console\\Kernel->handle(Object(Symfony\\Component\\Console\\Input\\ArgvInput), Object(Symfony\\Component\\Console\\Output\\ConsoleOutput))
#55 {main}
"} 
[2020-04-29 01:55:09] local.ERROR: SQLSTATE[HY000] [2002] php_network_getaddresses: getaddrinfo failed: nodename nor servname provided, or not known (SQL: select count(*) as aggregate from `telescope_entries` where `type` = exception and `family_hash` = 4c5c3cffad2757ccb672a228af767ce8) {"exception":"[object] (Illuminate\\Database\\QueryException(code: 2002): SQLSTATE[HY000] [2002] php_network_getaddresses: getaddrinfo failed: nodename nor servname provided, or not known (SQL: select count(*) as aggregate from `telescope_entries` where `type` = exception and `family_hash` = 4c5c3cffad2757ccb672a228af767ce8) at /Users/jeffreydavidson/Projects/Ringside/vendor/laravel/framework/src/Illuminate/Database/Connection.php:671)
[stacktrace]
#0 /Users/jeffreydavidson/Projects/Ringside/vendor/laravel/framework/src/Illuminate/Database/Connection.php(631): Illuminate\\Database\\Connection->runQueryCallback('select count(*)...', Array, Object(Closure))
#1 /Users/jeffreydavidson/Projects/Ringside/vendor/laravel/framework/src/Illuminate/Database/Connection.php(339): Illuminate\\Database\\Connection->run('select count(*)...', Array, Object(Closure))
#2 /Users/jeffreydavidson/Projects/Ringside/vendor/laravel/framework/src/Illuminate/Database/Query/Builder.php(2178): Illuminate\\Database\\Connection->select('select count(*)...', Array, true)
#3 /Users/jeffreydavidson/Projects/Ringside/vendor/laravel/framework/src/Illuminate/Database/Query/Builder.php(2166): Illuminate\\Database\\Query\\Builder->runSelect()
#4 /Users/jeffreydavidson/Projects/Ringside/vendor/laravel/framework/src/Illuminate/Database/Query/Builder.php(2638): Illuminate\\Database\\Query\\Builder->Illuminate\\Database\\Query\\{closure}()
#5 /Users/jeffreydavidson/Projects/Ringside/vendor/laravel/framework/src/Illuminate/Database/Query/Builder.php(2167): Illuminate\\Database\\Query\\Builder->onceWithColumns(Array, Object(Closure))
#6 /Users/jeffreydavidson/Projects/Ringside/vendor/laravel/framework/src/Illuminate/Database/Query/Builder.php(2565): Illuminate\\Database\\Query\\Builder->get(Array)
#7 /Users/jeffreydavidson/Projects/Ringside/vendor/laravel/framework/src/Illuminate/Database/Query/Builder.php(2493): Illuminate\\Database\\Query\\Builder->aggregate('count', Array)
#8 /Users/jeffreydavidson/Projects/Ringside/vendor/laravel/telescope/src/Storage/DatabaseEntriesRepository.php(122): Illuminate\\Database\\Query\\Builder->count()
#9 /Users/jeffreydavidson/Projects/Ringside/vendor/laravel/telescope/src/Storage/DatabaseEntriesRepository.php(164): Laravel\\Telescope\\Storage\\DatabaseEntriesRepository->countExceptionOccurences(Object(Laravel\\Telescope\\IncomingExceptionEntry))
#10 [internal function]: Laravel\\Telescope\\Storage\\DatabaseEntriesRepository->Laravel\\Telescope\\Storage\\{closure}(Object(Laravel\\Telescope\\IncomingExceptionEntry), 0)
#11 /Users/jeffreydavidson/Projects/Ringside/vendor/laravel/framework/src/Illuminate/Support/Collection.php(638): array_map(Object(Closure), Array, Array)
#12 /Users/jeffreydavidson/Projects/Ringside/vendor/laravel/telescope/src/Storage/DatabaseEntriesRepository.php(177): Illuminate\\Support\\Collection->map(Object(Closure))
#13 /Users/jeffreydavidson/Projects/Ringside/vendor/laravel/framework/src/Illuminate/Support/Traits/EnumeratesValues.php(179): Laravel\\Telescope\\Storage\\DatabaseEntriesRepository->Laravel\\Telescope\\Storage\\{closure}(Object(Illuminate\\Support\\Collection), 0)
#14 /Users/jeffreydavidson/Projects/Ringside/vendor/laravel/telescope/src/Storage/DatabaseEntriesRepository.php(178): Illuminate\\Support\\Collection->each(Object(Closure))
#15 /Users/jeffreydavidson/Projects/Ringside/vendor/laravel/telescope/src/Storage/DatabaseEntriesRepository.php(139): Laravel\\Telescope\\Storage\\DatabaseEntriesRepository->storeExceptions(Object(Illuminate\\Support\\Collection))
#16 /Users/jeffreydavidson/Projects/Ringside/vendor/laravel/telescope/src/Telescope.php(569): Laravel\\Telescope\\Storage\\DatabaseEntriesRepository->store(Object(Illuminate\\Support\\Collection))
#17 /Users/jeffreydavidson/Projects/Ringside/vendor/laravel/telescope/src/ListensForStorageOpportunities.php(44): Laravel\\Telescope\\Telescope::store(Object(Laravel\\Telescope\\Storage\\DatabaseEntriesRepository))
#18 [internal function]: Laravel\\Telescope\\Telescope::Laravel\\Telescope\\{closure}()
#19 /Users/jeffreydavidson/Projects/Ringside/vendor/laravel/framework/src/Illuminate/Container/BoundMethod.php(32): call_user_func_array(Object(Closure), Array)
#20 /Users/jeffreydavidson/Projects/Ringside/vendor/laravel/framework/src/Illuminate/Container/Util.php(36): Illuminate\\Container\\BoundMethod::Illuminate\\Container\\{closure}()
#21 /Users/jeffreydavidson/Projects/Ringside/vendor/laravel/framework/src/Illuminate/Container/BoundMethod.php(78): Illuminate\\Container\\Util::unwrapIfClosure(Object(Closure))
#22 /Users/jeffreydavidson/Projects/Ringside/vendor/laravel/framework/src/Illuminate/Container/BoundMethod.php(34): Illuminate\\Container\\BoundMethod::callBoundMethod(Object(Illuminate\\Foundation\\Application), Object(Closure), Object(Closure))
#23 /Users/jeffreydavidson/Projects/Ringside/vendor/laravel/framework/src/Illuminate/Container/Container.php(592): Illuminate\\Container\\BoundMethod::call(Object(Illuminate\\Foundation\\Application), Object(Closure), Array, NULL)
#24 /Users/jeffreydavidson/Projects/Ringside/vendor/laravel/framework/src/Illuminate/Foundation/Application.php(1091): Illuminate\\Container\\Container->call(Object(Closure))
#25 /Users/jeffreydavidson/Projects/Ringside/vendor/laravel/framework/src/Illuminate/Foundation/Console/Kernel.php(148): Illuminate\\Foundation\\Application->terminate()
#26 /Users/jeffreydavidson/Projects/Ringside/artisan(51): Illuminate\\Foundation\\Console\\Kernel->terminate(Object(Symfony\\Component\\Console\\Input\\ArgvInput), 1)
#27 {main}

[previous exception] [object] (Doctrine\\DBAL\\Driver\\PDOException(code: 2002): SQLSTATE[HY000] [2002] php_network_getaddresses: getaddrinfo failed: nodename nor servname provided, or not known at /Users/jeffreydavidson/Projects/Ringside/vendor/doctrine/dbal/lib/Doctrine/DBAL/Driver/PDOConnection.php:31)
[stacktrace]
#0 /Users/jeffreydavidson/Projects/Ringside/vendor/laravel/framework/src/Illuminate/Database/Connectors/Connector.php(67): Doctrine\\DBAL\\Driver\\PDOConnection->__construct('mysql:host=data...', 'laravel', 'laravel', Array)
#1 /Users/jeffreydavidson/Projects/Ringside/vendor/laravel/framework/src/Illuminate/Database/Connectors/Connector.php(46): Illuminate\\Database\\Connectors\\Connector->createPdoConnection('mysql:host=data...', 'laravel', 'laravel', Array)
#2 /Users/jeffreydavidson/Projects/Ringside/vendor/laravel/framework/src/Illuminate/Database/Connectors/MySqlConnector.php(24): Illuminate\\Database\\Connectors\\Connector->createConnection('mysql:host=data...', Array, Array)
#3 /Users/jeffreydavidson/Projects/Ringside/vendor/laravel/framework/src/Illuminate/Database/Connectors/ConnectionFactory.php(182): Illuminate\\Database\\Connectors\\MySqlConnector->connect(Array)
#4 [internal function]: Illuminate\\Database\\Connectors\\ConnectionFactory->Illuminate\\Database\\Connectors\\{closure}()
#5 /Users/jeffreydavidson/Projects/Ringside/vendor/laravel/framework/src/Illuminate/Database/Connection.php(926): call_user_func(Object(Closure))
#6 /Users/jeffreydavidson/Projects/Ringside/vendor/laravel/framework/src/Illuminate/Database/Connection.php(961): Illuminate\\Database\\Connection->getPdo()
#7 /Users/jeffreydavidson/Projects/Ringside/vendor/laravel/framework/src/Illuminate/Database/Connection.php(405): Illuminate\\Database\\Connection->getReadPdo()
#8 /Users/jeffreydavidson/Projects/Ringside/vendor/laravel/framework/src/Illuminate/Database/Connection.php(331): Illuminate\\Database\\Connection->getPdoForSelect(true)
#9 /Users/jeffreydavidson/Projects/Ringside/vendor/laravel/framework/src/Illuminate/Database/Connection.php(664): Illuminate\\Database\\Connection->Illuminate\\Database\\{closure}('select count(*)...', Array)
#10 /Users/jeffreydavidson/Projects/Ringside/vendor/laravel/framework/src/Illuminate/Database/Connection.php(631): Illuminate\\Database\\Connection->runQueryCallback('select count(*)...', Array, Object(Closure))
#11 /Users/jeffreydavidson/Projects/Ringside/vendor/laravel/framework/src/Illuminate/Database/Connection.php(339): Illuminate\\Database\\Connection->run('select count(*)...', Array, Object(Closure))
#12 /Users/jeffreydavidson/Projects/Ringside/vendor/laravel/framework/src/Illuminate/Database/Query/Builder.php(2178): Illuminate\\Database\\Connection->select('select count(*)...', Array, true)
#13 /Users/jeffreydavidson/Projects/Ringside/vendor/laravel/framework/src/Illuminate/Database/Query/Builder.php(2166): Illuminate\\Database\\Query\\Builder->runSelect()
#14 /Users/jeffreydavidson/Projects/Ringside/vendor/laravel/framework/src/Illuminate/Database/Query/Builder.php(2638): Illuminate\\Database\\Query\\Builder->Illuminate\\Database\\Query\\{closure}()
#15 /Users/jeffreydavidson/Projects/Ringside/vendor/laravel/framework/src/Illuminate/Database/Query/Builder.php(2167): Illuminate\\Database\\Query\\Builder->onceWithColumns(Array, Object(Closure))
#16 /Users/jeffreydavidson/Projects/Ringside/vendor/laravel/framework/src/Illuminate/Database/Query/Builder.php(2565): Illuminate\\Database\\Query\\Builder->get(Array)
#17 /Users/jeffreydavidson/Projects/Ringside/vendor/laravel/framework/src/Illuminate/Database/Query/Builder.php(2493): Illuminate\\Database\\Query\\Builder->aggregate('count', Array)
#18 /Users/jeffreydavidson/Projects/Ringside/vendor/laravel/telescope/src/Storage/DatabaseEntriesRepository.php(122): Illuminate\\Database\\Query\\Builder->count()
#19 /Users/jeffreydavidson/Projects/Ringside/vendor/laravel/telescope/src/Storage/DatabaseEntriesRepository.php(164): Laravel\\Telescope\\Storage\\DatabaseEntriesRepository->countExceptionOccurences(Object(Laravel\\Telescope\\IncomingExceptionEntry))
#20 [internal function]: Laravel\\Telescope\\Storage\\DatabaseEntriesRepository->Laravel\\Telescope\\Storage\\{closure}(Object(Laravel\\Telescope\\IncomingExceptionEntry), 0)
#21 /Users/jeffreydavidson/Projects/Ringside/vendor/laravel/framework/src/Illuminate/Support/Collection.php(638): array_map(Object(Closure), Array, Array)
#22 /Users/jeffreydavidson/Projects/Ringside/vendor/laravel/telescope/src/Storage/DatabaseEntriesRepository.php(177): Illuminate\\Support\\Collection->map(Object(Closure))
#23 /Users/jeffreydavidson/Projects/Ringside/vendor/laravel/framework/src/Illuminate/Support/Traits/EnumeratesValues.php(179): Laravel\\Telescope\\Storage\\DatabaseEntriesRepository->Laravel\\Telescope\\Storage\\{closure}(Object(Illuminate\\Support\\Collection), 0)
#24 /Users/jeffreydavidson/Projects/Ringside/vendor/laravel/telescope/src/Storage/DatabaseEntriesRepository.php(178): Illuminate\\Support\\Collection->each(Object(Closure))
#25 /Users/jeffreydavidson/Projects/Ringside/vendor/laravel/telescope/src/Storage/DatabaseEntriesRepository.php(139): Laravel\\Telescope\\Storage\\DatabaseEntriesRepository->storeExceptions(Object(Illuminate\\Support\\Collection))
#26 /Users/jeffreydavidson/Projects/Ringside/vendor/laravel/telescope/src/Telescope.php(569): Laravel\\Telescope\\Storage\\DatabaseEntriesRepository->store(Object(Illuminate\\Support\\Collection))
#27 /Users/jeffreydavidson/Projects/Ringside/vendor/laravel/telescope/src/ListensForStorageOpportunities.php(44): Laravel\\Telescope\\Telescope::store(Object(Laravel\\Telescope\\Storage\\DatabaseEntriesRepository))
#28 [internal function]: Laravel\\Telescope\\Telescope::Laravel\\Telescope\\{closure}()
#29 /Users/jeffreydavidson/Projects/Ringside/vendor/laravel/framework/src/Illuminate/Container/BoundMethod.php(32): call_user_func_array(Object(Closure), Array)
#30 /Users/jeffreydavidson/Projects/Ringside/vendor/laravel/framework/src/Illuminate/Container/Util.php(36): Illuminate\\Container\\BoundMethod::Illuminate\\Container\\{closure}()
#31 /Users/jeffreydavidson/Projects/Ringside/vendor/laravel/framework/src/Illuminate/Container/BoundMethod.php(78): Illuminate\\Container\\Util::unwrapIfClosure(Object(Closure))
#32 /Users/jeffreydavidson/Projects/Ringside/vendor/laravel/framework/src/Illuminate/Container/BoundMethod.php(34): Illuminate\\Container\\BoundMethod::callBoundMethod(Object(Illuminate\\Foundation\\Application), Object(Closure), Object(Closure))
#33 /Users/jeffreydavidson/Projects/Ringside/vendor/laravel/framework/src/Illuminate/Container/Container.php(592): Illuminate\\Container\\BoundMethod::call(Object(Illuminate\\Foundation\\Application), Object(Closure), Array, NULL)
#34 /Users/jeffreydavidson/Projects/Ringside/vendor/laravel/framework/src/Illuminate/Foundation/Application.php(1091): Illuminate\\Container\\Container->call(Object(Closure))
#35 /Users/jeffreydavidson/Projects/Ringside/vendor/laravel/framework/src/Illuminate/Foundation/Console/Kernel.php(148): Illuminate\\Foundation\\Application->terminate()
#36 /Users/jeffreydavidson/Projects/Ringside/artisan(51): Illuminate\\Foundation\\Console\\Kernel->terminate(Object(Symfony\\Component\\Console\\Input\\ArgvInput), 1)
#37 {main}

[previous exception] [object] (PDOException(code: 2002): SQLSTATE[HY000] [2002] php_network_getaddresses: getaddrinfo failed: nodename nor servname provided, or not known at /Users/jeffreydavidson/Projects/Ringside/vendor/doctrine/dbal/lib/Doctrine/DBAL/Driver/PDOConnection.php:27)
[stacktrace]
#0 /Users/jeffreydavidson/Projects/Ringside/vendor/doctrine/dbal/lib/Doctrine/DBAL/Driver/PDOConnection.php(27): PDO->__construct('mysql:host=data...', 'laravel', 'laravel', Array)
#1 /Users/jeffreydavidson/Projects/Ringside/vendor/laravel/framework/src/Illuminate/Database/Connectors/Connector.php(67): Doctrine\\DBAL\\Driver\\PDOConnection->__construct('mysql:host=data...', 'laravel', 'laravel', Array)
#2 /Users/jeffreydavidson/Projects/Ringside/vendor/laravel/framework/src/Illuminate/Database/Connectors/Connector.php(46): Illuminate\\Database\\Connectors\\Connector->createPdoConnection('mysql:host=data...', 'laravel', 'laravel', Array)
#3 /Users/jeffreydavidson/Projects/Ringside/vendor/laravel/framework/src/Illuminate/Database/Connectors/MySqlConnector.php(24): Illuminate\\Database\\Connectors\\Connector->createConnection('mysql:host=data...', Array, Array)
#4 /Users/jeffreydavidson/Projects/Ringside/vendor/laravel/framework/src/Illuminate/Database/Connectors/ConnectionFactory.php(182): Illuminate\\Database\\Connectors\\MySqlConnector->connect(Array)
#5 [internal function]: Illuminate\\Database\\Connectors\\ConnectionFactory->Illuminate\\Database\\Connectors\\{closure}()
#6 /Users/jeffreydavidson/Projects/Ringside/vendor/laravel/framework/src/Illuminate/Database/Connection.php(926): call_user_func(Object(Closure))
#7 /Users/jeffreydavidson/Projects/Ringside/vendor/laravel/framework/src/Illuminate/Database/Connection.php(961): Illuminate\\Database\\Connection->getPdo()
#8 /Users/jeffreydavidson/Projects/Ringside/vendor/laravel/framework/src/Illuminate/Database/Connection.php(405): Illuminate\\Database\\Connection->getReadPdo()
#9 /Users/jeffreydavidson/Projects/Ringside/vendor/laravel/framework/src/Illuminate/Database/Connection.php(331): Illuminate\\Database\\Connection->getPdoForSelect(true)
#10 /Users/jeffreydavidson/Projects/Ringside/vendor/laravel/framework/src/Illuminate/Database/Connection.php(664): Illuminate\\Database\\Connection->Illuminate\\Database\\{closure}('select count(*)...', Array)
#11 /Users/jeffreydavidson/Projects/Ringside/vendor/laravel/framework/src/Illuminate/Database/Connection.php(631): Illuminate\\Database\\Connection->runQueryCallback('select count(*)...', Array, Object(Closure))
#12 /Users/jeffreydavidson/Projects/Ringside/vendor/laravel/framework/src/Illuminate/Database/Connection.php(339): Illuminate\\Database\\Connection->run('select count(*)...', Array, Object(Closure))
#13 /Users/jeffreydavidson/Projects/Ringside/vendor/laravel/framework/src/Illuminate/Database/Query/Builder.php(2178): Illuminate\\Database\\Connection->select('select count(*)...', Array, true)
#14 /Users/jeffreydavidson/Projects/Ringside/vendor/laravel/framework/src/Illuminate/Database/Query/Builder.php(2166): Illuminate\\Database\\Query\\Builder->runSelect()
#15 /Users/jeffreydavidson/Projects/Ringside/vendor/laravel/framework/src/Illuminate/Database/Query/Builder.php(2638): Illuminate\\Database\\Query\\Builder->Illuminate\\Database\\Query\\{closure}()
#16 /Users/jeffreydavidson/Projects/Ringside/vendor/laravel/framework/src/Illuminate/Database/Query/Builder.php(2167): Illuminate\\Database\\Query\\Builder->onceWithColumns(Array, Object(Closure))
#17 /Users/jeffreydavidson/Projects/Ringside/vendor/laravel/framework/src/Illuminate/Database/Query/Builder.php(2565): Illuminate\\Database\\Query\\Builder->get(Array)
#18 /Users/jeffreydavidson/Projects/Ringside/vendor/laravel/framework/src/Illuminate/Database/Query/Builder.php(2493): Illuminate\\Database\\Query\\Builder->aggregate('count', Array)
#19 /Users/jeffreydavidson/Projects/Ringside/vendor/laravel/telescope/src/Storage/DatabaseEntriesRepository.php(122): Illuminate\\Database\\Query\\Builder->count()
#20 /Users/jeffreydavidson/Projects/Ringside/vendor/laravel/telescope/src/Storage/DatabaseEntriesRepository.php(164): Laravel\\Telescope\\Storage\\DatabaseEntriesRepository->countExceptionOccurences(Object(Laravel\\Telescope\\IncomingExceptionEntry))
#21 [internal function]: Laravel\\Telescope\\Storage\\DatabaseEntriesRepository->Laravel\\Telescope\\Storage\\{closure}(Object(Laravel\\Telescope\\IncomingExceptionEntry), 0)
#22 /Users/jeffreydavidson/Projects/Ringside/vendor/laravel/framework/src/Illuminate/Support/Collection.php(638): array_map(Object(Closure), Array, Array)
#23 /Users/jeffreydavidson/Projects/Ringside/vendor/laravel/telescope/src/Storage/DatabaseEntriesRepository.php(177): Illuminate\\Support\\Collection->map(Object(Closure))
#24 /Users/jeffreydavidson/Projects/Ringside/vendor/laravel/framework/src/Illuminate/Support/Traits/EnumeratesValues.php(179): Laravel\\Telescope\\Storage\\DatabaseEntriesRepository->Laravel\\Telescope\\Storage\\{closure}(Object(Illuminate\\Support\\Collection), 0)
#25 /Users/jeffreydavidson/Projects/Ringside/vendor/laravel/telescope/src/Storage/DatabaseEntriesRepository.php(178): Illuminate\\Support\\Collection->each(Object(Closure))
#26 /Users/jeffreydavidson/Projects/Ringside/vendor/laravel/telescope/src/Storage/DatabaseEntriesRepository.php(139): Laravel\\Telescope\\Storage\\DatabaseEntriesRepository->storeExceptions(Object(Illuminate\\Support\\Collection))
#27 /Users/jeffreydavidson/Projects/Ringside/vendor/laravel/telescope/src/Telescope.php(569): Laravel\\Telescope\\Storage\\DatabaseEntriesRepository->store(Object(Illuminate\\Support\\Collection))
#28 /Users/jeffreydavidson/Projects/Ringside/vendor/laravel/telescope/src/ListensForStorageOpportunities.php(44): Laravel\\Telescope\\Telescope::store(Object(Laravel\\Telescope\\Storage\\DatabaseEntriesRepository))
#29 [internal function]: Laravel\\Telescope\\Telescope::Laravel\\Telescope\\{closure}()
#30 /Users/jeffreydavidson/Projects/Ringside/vendor/laravel/framework/src/Illuminate/Container/BoundMethod.php(32): call_user_func_array(Object(Closure), Array)
#31 /Users/jeffreydavidson/Projects/Ringside/vendor/laravel/framework/src/Illuminate/Container/Util.php(36): Illuminate\\Container\\BoundMethod::Illuminate\\Container\\{closure}()
#32 /Users/jeffreydavidson/Projects/Ringside/vendor/laravel/framework/src/Illuminate/Container/BoundMethod.php(78): Illuminate\\Container\\Util::unwrapIfClosure(Object(Closure))
#33 /Users/jeffreydavidson/Projects/Ringside/vendor/laravel/framework/src/Illuminate/Container/BoundMethod.php(34): Illuminate\\Container\\BoundMethod::callBoundMethod(Object(Illuminate\\Foundation\\Application), Object(Closure), Object(Closure))
#34 /Users/jeffreydavidson/Projects/Ringside/vendor/laravel/framework/src/Illuminate/Container/Container.php(592): Illuminate\\Container\\BoundMethod::call(Object(Illuminate\\Foundation\\Application), Object(Closure), Array, NULL)
#35 /Users/jeffreydavidson/Projects/Ringside/vendor/laravel/framework/src/Illuminate/Foundation/Application.php(1091): Illuminate\\Container\\Container->call(Object(Closure))
#36 /Users/jeffreydavidson/Projects/Ringside/vendor/laravel/framework/src/Illuminate/Foundation/Console/Kernel.php(148): Illuminate\\Foundation\\Application->terminate()
#37 /Users/jeffreydavidson/Projects/Ringside/artisan(51): Illuminate\\Foundation\\Console\\Kernel->terminate(Object(Symfony\\Component\\Console\\Input\\ArgvInput), 1)
#38 {main}

[previous exception] [object] (PDOException(code: 0): PDO::__construct(): php_network_getaddresses: getaddrinfo failed: nodename nor servname provided, or not known at /Users/jeffreydavidson/Projects/Ringside/vendor/doctrine/dbal/lib/Doctrine/DBAL/Driver/PDOConnection.php:27)
[stacktrace]
#0 /Users/jeffreydavidson/Projects/Ringside/vendor/doctrine/dbal/lib/Doctrine/DBAL/Driver/PDOConnection.php(27): PDO->__construct('mysql:host=data...', 'laravel', 'laravel', Array)
#1 /Users/jeffreydavidson/Projects/Ringside/vendor/laravel/framework/src/Illuminate/Database/Connectors/Connector.php(67): Doctrine\\DBAL\\Driver\\PDOConnection->__construct('mysql:host=data...', 'laravel', 'laravel', Array)
#2 /Users/jeffreydavidson/Projects/Ringside/vendor/laravel/framework/src/Illuminate/Database/Connectors/Connector.php(46): Illuminate\\Database\\Connectors\\Connector->createPdoConnection('mysql:host=data...', 'laravel', 'laravel', Array)
#3 /Users/jeffreydavidson/Projects/Ringside/vendor/laravel/framework/src/Illuminate/Database/Connectors/MySqlConnector.php(24): Illuminate\\Database\\Connectors\\Connector->createConnection('mysql:host=data...', Array, Array)
#4 /Users/jeffreydavidson/Projects/Ringside/vendor/laravel/framework/src/Illuminate/Database/Connectors/ConnectionFactory.php(182): Illuminate\\Database\\Connectors\\MySqlConnector->connect(Array)
#5 [internal function]: Illuminate\\Database\\Connectors\\ConnectionFactory->Illuminate\\Database\\Connectors\\{closure}()
#6 /Users/jeffreydavidson/Projects/Ringside/vendor/laravel/framework/src/Illuminate/Database/Connection.php(926): call_user_func(Object(Closure))
#7 /Users/jeffreydavidson/Projects/Ringside/vendor/laravel/framework/src/Illuminate/Database/Connection.php(961): Illuminate\\Database\\Connection->getPdo()
#8 /Users/jeffreydavidson/Projects/Ringside/vendor/laravel/framework/src/Illuminate/Database/Connection.php(405): Illuminate\\Database\\Connection->getReadPdo()
#9 /Users/jeffreydavidson/Projects/Ringside/vendor/laravel/framework/src/Illuminate/Database/Connection.php(331): Illuminate\\Database\\Connection->getPdoForSelect(true)
#10 /Users/jeffreydavidson/Projects/Ringside/vendor/laravel/framework/src/Illuminate/Database/Connection.php(664): Illuminate\\Database\\Connection->Illuminate\\Database\\{closure}('select count(*)...', Array)
#11 /Users/jeffreydavidson/Projects/Ringside/vendor/laravel/framework/src/Illuminate/Database/Connection.php(631): Illuminate\\Database\\Connection->runQueryCallback('select count(*)...', Array, Object(Closure))
#12 /Users/jeffreydavidson/Projects/Ringside/vendor/laravel/framework/src/Illuminate/Database/Connection.php(339): Illuminate\\Database\\Connection->run('select count(*)...', Array, Object(Closure))
#13 /Users/jeffreydavidson/Projects/Ringside/vendor/laravel/framework/src/Illuminate/Database/Query/Builder.php(2178): Illuminate\\Database\\Connection->select('select count(*)...', Array, true)
#14 /Users/jeffreydavidson/Projects/Ringside/vendor/laravel/framework/src/Illuminate/Database/Query/Builder.php(2166): Illuminate\\Database\\Query\\Builder->runSelect()
#15 /Users/jeffreydavidson/Projects/Ringside/vendor/laravel/framework/src/Illuminate/Database/Query/Builder.php(2638): Illuminate\\Database\\Query\\Builder->Illuminate\\Database\\Query\\{closure}()
#16 /Users/jeffreydavidson/Projects/Ringside/vendor/laravel/framework/src/Illuminate/Database/Query/Builder.php(2167): Illuminate\\Database\\Query\\Builder->onceWithColumns(Array, Object(Closure))
#17 /Users/jeffreydavidson/Projects/Ringside/vendor/laravel/framework/src/Illuminate/Database/Query/Builder.php(2565): Illuminate\\Database\\Query\\Builder->get(Array)
#18 /Users/jeffreydavidson/Projects/Ringside/vendor/laravel/framework/src/Illuminate/Database/Query/Builder.php(2493): Illuminate\\Database\\Query\\Builder->aggregate('count', Array)
#19 /Users/jeffreydavidson/Projects/Ringside/vendor/laravel/telescope/src/Storage/DatabaseEntriesRepository.php(122): Illuminate\\Database\\Query\\Builder->count()
#20 /Users/jeffreydavidson/Projects/Ringside/vendor/laravel/telescope/src/Storage/DatabaseEntriesRepository.php(164): Laravel\\Telescope\\Storage\\DatabaseEntriesRepository->countExceptionOccurences(Object(Laravel\\Telescope\\IncomingExceptionEntry))
#21 [internal function]: Laravel\\Telescope\\Storage\\DatabaseEntriesRepository->Laravel\\Telescope\\Storage\\{closure}(Object(Laravel\\Telescope\\IncomingExceptionEntry), 0)
#22 /Users/jeffreydavidson/Projects/Ringside/vendor/laravel/framework/src/Illuminate/Support/Collection.php(638): array_map(Object(Closure), Array, Array)
#23 /Users/jeffreydavidson/Projects/Ringside/vendor/laravel/telescope/src/Storage/DatabaseEntriesRepository.php(177): Illuminate\\Support\\Collection->map(Object(Closure))
#24 /Users/jeffreydavidson/Projects/Ringside/vendor/laravel/framework/src/Illuminate/Support/Traits/EnumeratesValues.php(179): Laravel\\Telescope\\Storage\\DatabaseEntriesRepository->Laravel\\Telescope\\Storage\\{closure}(Object(Illuminate\\Support\\Collection), 0)
#25 /Users/jeffreydavidson/Projects/Ringside/vendor/laravel/telescope/src/Storage/DatabaseEntriesRepository.php(178): Illuminate\\Support\\Collection->each(Object(Closure))
#26 /Users/jeffreydavidson/Projects/Ringside/vendor/laravel/telescope/src/Storage/DatabaseEntriesRepository.php(139): Laravel\\Telescope\\Storage\\DatabaseEntriesRepository->storeExceptions(Object(Illuminate\\Support\\Collection))
#27 /Users/jeffreydavidson/Projects/Ringside/vendor/laravel/telescope/src/Telescope.php(569): Laravel\\Telescope\\Storage\\DatabaseEntriesRepository->store(Object(Illuminate\\Support\\Collection))
#28 /Users/jeffreydavidson/Projects/Ringside/vendor/laravel/telescope/src/ListensForStorageOpportunities.php(44): Laravel\\Telescope\\Telescope::store(Object(Laravel\\Telescope\\Storage\\DatabaseEntriesRepository))
#29 [internal function]: Laravel\\Telescope\\Telescope::Laravel\\Telescope\\{closure}()
#30 /Users/jeffreydavidson/Projects/Ringside/vendor/laravel/framework/src/Illuminate/Container/BoundMethod.php(32): call_user_func_array(Object(Closure), Array)
#31 /Users/jeffreydavidson/Projects/Ringside/vendor/laravel/framework/src/Illuminate/Container/Util.php(36): Illuminate\\Container\\BoundMethod::Illuminate\\Container\\{closure}()
#32 /Users/jeffreydavidson/Projects/Ringside/vendor/laravel/framework/src/Illuminate/Container/BoundMethod.php(78): Illuminate\\Container\\Util::unwrapIfClosure(Object(Closure))
#33 /Users/jeffreydavidson/Projects/Ringside/vendor/laravel/framework/src/Illuminate/Container/BoundMethod.php(34): Illuminate\\Container\\BoundMethod::callBoundMethod(Object(Illuminate\\Foundation\\Application), Object(Closure), Object(Closure))
#34 /Users/jeffreydavidson/Projects/Ringside/vendor/laravel/framework/src/Illuminate/Container/Container.php(592): Illuminate\\Container\\BoundMethod::call(Object(Illuminate\\Foundation\\Application), Object(Closure), Array, NULL)
#35 /Users/jeffreydavidson/Projects/Ringside/vendor/laravel/framework/src/Illuminate/Foundation/Application.php(1091): Illuminate\\Container\\Container->call(Object(Closure))
#36 /Users/jeffreydavidson/Projects/Ringside/vendor/laravel/framework/src/Illuminate/Foundation/Console/Kernel.php(148): Illuminate\\Foundation\\Application->terminate()
#37 /Users/jeffreydavidson/Projects/Ringside/artisan(51): Illuminate\\Foundation\\Console\\Kernel->terminate(Object(Symfony\\Component\\Console\\Input\\ArgvInput), 1)
#38 {main}
"} 
[2020-04-29 01:55:18] local.ERROR: SQLSTATE[HY000] [2002] php_network_getaddresses: getaddrinfo failed: nodename nor servname provided, or not known (SQL: insert into `telescope_entries` (`batch_id`, `content`, `created_at`, `family_hash`, `type`, `uuid`) values (90706c8b-47a5-44cf-a1b2-ec589efe8b3d, {"command":"list","exit_code":0,"arguments":{"command":"list","namespace":null},"options":{"raw":false,"format":"txt","help":false,"quiet":false,"verbose":false,"version":false,"ansi":false,"no-ansi":false,"no-interaction":false,"env":null},"hostname":"Jeffreys-MacBook-Pro.local"}, 2020-04-29 01:55:18, ?, command, 90706c8b-451f-4c70-a31d-49d23ced08d8)) {"exception":"[object] (Illuminate\\Database\\QueryException(code: 2002): SQLSTATE[HY000] [2002] php_network_getaddresses: getaddrinfo failed: nodename nor servname provided, or not known (SQL: insert into `telescope_entries` (`batch_id`, `content`, `created_at`, `family_hash`, `type`, `uuid`) values (90706c8b-47a5-44cf-a1b2-ec589efe8b3d, {\"command\":\"list\",\"exit_code\":0,\"arguments\":{\"command\":\"list\",\"namespace\":null},\"options\":{\"raw\":false,\"format\":\"txt\",\"help\":false,\"quiet\":false,\"verbose\":false,\"version\":false,\"ansi\":false,\"no-ansi\":false,\"no-interaction\":false,\"env\":null},\"hostname\":\"Jeffreys-MacBook-Pro.local\"}, 2020-04-29 01:55:18, ?, command, 90706c8b-451f-4c70-a31d-49d23ced08d8)) at /Users/jeffreydavidson/Projects/Ringside/vendor/laravel/framework/src/Illuminate/Database/Connection.php:671)
[stacktrace]
#0 /Users/jeffreydavidson/Projects/Ringside/vendor/laravel/framework/src/Illuminate/Database/Connection.php(631): Illuminate\\Database\\Connection->runQueryCallback('insert into `te...', Array, Object(Closure))
#1 /Users/jeffreydavidson/Projects/Ringside/vendor/laravel/framework/src/Illuminate/Database/Connection.php(465): Illuminate\\Database\\Connection->run('insert into `te...', Array, Object(Closure))
#2 /Users/jeffreydavidson/Projects/Ringside/vendor/laravel/framework/src/Illuminate/Database/Connection.php(417): Illuminate\\Database\\Connection->statement('insert into `te...', Array)
#3 /Users/jeffreydavidson/Projects/Ringside/vendor/laravel/framework/src/Illuminate/Database/Query/Builder.php(2680): Illuminate\\Database\\Connection->insert('insert into `te...', Array)
#4 /Users/jeffreydavidson/Projects/Ringside/vendor/laravel/telescope/src/Storage/DatabaseEntriesRepository.php(148): Illuminate\\Database\\Query\\Builder->insert(Array)
#5 /Users/jeffreydavidson/Projects/Ringside/vendor/laravel/framework/src/Illuminate/Support/Traits/EnumeratesValues.php(179): Laravel\\Telescope\\Storage\\DatabaseEntriesRepository->Laravel\\Telescope\\Storage\\{closure}(Object(Illuminate\\Support\\Collection), 0)
#6 /Users/jeffreydavidson/Projects/Ringside/vendor/laravel/telescope/src/Storage/DatabaseEntriesRepository.php(149): Illuminate\\Support\\Collection->each(Object(Closure))
#7 /Users/jeffreydavidson/Projects/Ringside/vendor/laravel/telescope/src/Telescope.php(569): Laravel\\Telescope\\Storage\\DatabaseEntriesRepository->store(Object(Illuminate\\Support\\Collection))
#8 /Users/jeffreydavidson/Projects/Ringside/vendor/laravel/telescope/src/ListensForStorageOpportunities.php(44): Laravel\\Telescope\\Telescope::store(Object(Laravel\\Telescope\\Storage\\DatabaseEntriesRepository))
#9 [internal function]: Laravel\\Telescope\\Telescope::Laravel\\Telescope\\{closure}()
#10 /Users/jeffreydavidson/Projects/Ringside/vendor/laravel/framework/src/Illuminate/Container/BoundMethod.php(32): call_user_func_array(Object(Closure), Array)
#11 /Users/jeffreydavidson/Projects/Ringside/vendor/laravel/framework/src/Illuminate/Container/Util.php(36): Illuminate\\Container\\BoundMethod::Illuminate\\Container\\{closure}()
#12 /Users/jeffreydavidson/Projects/Ringside/vendor/laravel/framework/src/Illuminate/Container/BoundMethod.php(78): Illuminate\\Container\\Util::unwrapIfClosure(Object(Closure))
#13 /Users/jeffreydavidson/Projects/Ringside/vendor/laravel/framework/src/Illuminate/Container/BoundMethod.php(34): Illuminate\\Container\\BoundMethod::callBoundMethod(Object(Illuminate\\Foundation\\Application), Object(Closure), Object(Closure))
#14 /Users/jeffreydavidson/Projects/Ringside/vendor/laravel/framework/src/Illuminate/Container/Container.php(592): Illuminate\\Container\\BoundMethod::call(Object(Illuminate\\Foundation\\Application), Object(Closure), Array, NULL)
#15 /Users/jeffreydavidson/Projects/Ringside/vendor/laravel/framework/src/Illuminate/Foundation/Application.php(1091): Illuminate\\Container\\Container->call(Object(Closure))
#16 /Users/jeffreydavidson/Projects/Ringside/vendor/laravel/framework/src/Illuminate/Foundation/Console/Kernel.php(148): Illuminate\\Foundation\\Application->terminate()
#17 /Users/jeffreydavidson/Projects/Ringside/artisan(51): Illuminate\\Foundation\\Console\\Kernel->terminate(Object(Symfony\\Component\\Console\\Input\\ArgvInput), 0)
#18 {main}

[previous exception] [object] (Doctrine\\DBAL\\Driver\\PDOException(code: 2002): SQLSTATE[HY000] [2002] php_network_getaddresses: getaddrinfo failed: nodename nor servname provided, or not known at /Users/jeffreydavidson/Projects/Ringside/vendor/doctrine/dbal/lib/Doctrine/DBAL/Driver/PDOConnection.php:31)
[stacktrace]
#0 /Users/jeffreydavidson/Projects/Ringside/vendor/laravel/framework/src/Illuminate/Database/Connectors/Connector.php(67): Doctrine\\DBAL\\Driver\\PDOConnection->__construct('mysql:host=data...', 'laravel', 'laravel', Array)
#1 /Users/jeffreydavidson/Projects/Ringside/vendor/laravel/framework/src/Illuminate/Database/Connectors/Connector.php(46): Illuminate\\Database\\Connectors\\Connector->createPdoConnection('mysql:host=data...', 'laravel', 'laravel', Array)
#2 /Users/jeffreydavidson/Projects/Ringside/vendor/laravel/framework/src/Illuminate/Database/Connectors/MySqlConnector.php(24): Illuminate\\Database\\Connectors\\Connector->createConnection('mysql:host=data...', Array, Array)
#3 /Users/jeffreydavidson/Projects/Ringside/vendor/laravel/framework/src/Illuminate/Database/Connectors/ConnectionFactory.php(182): Illuminate\\Database\\Connectors\\MySqlConnector->connect(Array)
#4 [internal function]: Illuminate\\Database\\Connectors\\ConnectionFactory->Illuminate\\Database\\Connectors\\{closure}()
#5 /Users/jeffreydavidson/Projects/Ringside/vendor/laravel/framework/src/Illuminate/Database/Connection.php(926): call_user_func(Object(Closure))
#6 /Users/jeffreydavidson/Projects/Ringside/vendor/laravel/framework/src/Illuminate/Database/Connection.php(458): Illuminate\\Database\\Connection->getPdo()
#7 /Users/jeffreydavidson/Projects/Ringside/vendor/laravel/framework/src/Illuminate/Database/Connection.php(664): Illuminate\\Database\\Connection->Illuminate\\Database\\{closure}('insert into `te...', Array)
#8 /Users/jeffreydavidson/Projects/Ringside/vendor/laravel/framework/src/Illuminate/Database/Connection.php(631): Illuminate\\Database\\Connection->runQueryCallback('insert into `te...', Array, Object(Closure))
#9 /Users/jeffreydavidson/Projects/Ringside/vendor/laravel/framework/src/Illuminate/Database/Connection.php(465): Illuminate\\Database\\Connection->run('insert into `te...', Array, Object(Closure))
#10 /Users/jeffreydavidson/Projects/Ringside/vendor/laravel/framework/src/Illuminate/Database/Connection.php(417): Illuminate\\Database\\Connection->statement('insert into `te...', Array)
#11 /Users/jeffreydavidson/Projects/Ringside/vendor/laravel/framework/src/Illuminate/Database/Query/Builder.php(2680): Illuminate\\Database\\Connection->insert('insert into `te...', Array)
#12 /Users/jeffreydavidson/Projects/Ringside/vendor/laravel/telescope/src/Storage/DatabaseEntriesRepository.php(148): Illuminate\\Database\\Query\\Builder->insert(Array)
#13 /Users/jeffreydavidson/Projects/Ringside/vendor/laravel/framework/src/Illuminate/Support/Traits/EnumeratesValues.php(179): Laravel\\Telescope\\Storage\\DatabaseEntriesRepository->Laravel\\Telescope\\Storage\\{closure}(Object(Illuminate\\Support\\Collection), 0)
#14 /Users/jeffreydavidson/Projects/Ringside/vendor/laravel/telescope/src/Storage/DatabaseEntriesRepository.php(149): Illuminate\\Support\\Collection->each(Object(Closure))
#15 /Users/jeffreydavidson/Projects/Ringside/vendor/laravel/telescope/src/Telescope.php(569): Laravel\\Telescope\\Storage\\DatabaseEntriesRepository->store(Object(Illuminate\\Support\\Collection))
#16 /Users/jeffreydavidson/Projects/Ringside/vendor/laravel/telescope/src/ListensForStorageOpportunities.php(44): Laravel\\Telescope\\Telescope::store(Object(Laravel\\Telescope\\Storage\\DatabaseEntriesRepository))
#17 [internal function]: Laravel\\Telescope\\Telescope::Laravel\\Telescope\\{closure}()
#18 /Users/jeffreydavidson/Projects/Ringside/vendor/laravel/framework/src/Illuminate/Container/BoundMethod.php(32): call_user_func_array(Object(Closure), Array)
#19 /Users/jeffreydavidson/Projects/Ringside/vendor/laravel/framework/src/Illuminate/Container/Util.php(36): Illuminate\\Container\\BoundMethod::Illuminate\\Container\\{closure}()
#20 /Users/jeffreydavidson/Projects/Ringside/vendor/laravel/framework/src/Illuminate/Container/BoundMethod.php(78): Illuminate\\Container\\Util::unwrapIfClosure(Object(Closure))
#21 /Users/jeffreydavidson/Projects/Ringside/vendor/laravel/framework/src/Illuminate/Container/BoundMethod.php(34): Illuminate\\Container\\BoundMethod::callBoundMethod(Object(Illuminate\\Foundation\\Application), Object(Closure), Object(Closure))
#22 /Users/jeffreydavidson/Projects/Ringside/vendor/laravel/framework/src/Illuminate/Container/Container.php(592): Illuminate\\Container\\BoundMethod::call(Object(Illuminate\\Foundation\\Application), Object(Closure), Array, NULL)
#23 /Users/jeffreydavidson/Projects/Ringside/vendor/laravel/framework/src/Illuminate/Foundation/Application.php(1091): Illuminate\\Container\\Container->call(Object(Closure))
#24 /Users/jeffreydavidson/Projects/Ringside/vendor/laravel/framework/src/Illuminate/Foundation/Console/Kernel.php(148): Illuminate\\Foundation\\Application->terminate()
#25 /Users/jeffreydavidson/Projects/Ringside/artisan(51): Illuminate\\Foundation\\Console\\Kernel->terminate(Object(Symfony\\Component\\Console\\Input\\ArgvInput), 0)
#26 {main}

[previous exception] [object] (PDOException(code: 2002): SQLSTATE[HY000] [2002] php_network_getaddresses: getaddrinfo failed: nodename nor servname provided, or not known at /Users/jeffreydavidson/Projects/Ringside/vendor/doctrine/dbal/lib/Doctrine/DBAL/Driver/PDOConnection.php:27)
[stacktrace]
#0 /Users/jeffreydavidson/Projects/Ringside/vendor/doctrine/dbal/lib/Doctrine/DBAL/Driver/PDOConnection.php(27): PDO->__construct('mysql:host=data...', 'laravel', 'laravel', Array)
#1 /Users/jeffreydavidson/Projects/Ringside/vendor/laravel/framework/src/Illuminate/Database/Connectors/Connector.php(67): Doctrine\\DBAL\\Driver\\PDOConnection->__construct('mysql:host=data...', 'laravel', 'laravel', Array)
#2 /Users/jeffreydavidson/Projects/Ringside/vendor/laravel/framework/src/Illuminate/Database/Connectors/Connector.php(46): Illuminate\\Database\\Connectors\\Connector->createPdoConnection('mysql:host=data...', 'laravel', 'laravel', Array)
#3 /Users/jeffreydavidson/Projects/Ringside/vendor/laravel/framework/src/Illuminate/Database/Connectors/MySqlConnector.php(24): Illuminate\\Database\\Connectors\\Connector->createConnection('mysql:host=data...', Array, Array)
#4 /Users/jeffreydavidson/Projects/Ringside/vendor/laravel/framework/src/Illuminate/Database/Connectors/ConnectionFactory.php(182): Illuminate\\Database\\Connectors\\MySqlConnector->connect(Array)
#5 [internal function]: Illuminate\\Database\\Connectors\\ConnectionFactory->Illuminate\\Database\\Connectors\\{closure}()
#6 /Users/jeffreydavidson/Projects/Ringside/vendor/laravel/framework/src/Illuminate/Database/Connection.php(926): call_user_func(Object(Closure))
#7 /Users/jeffreydavidson/Projects/Ringside/vendor/laravel/framework/src/Illuminate/Database/Connection.php(458): Illuminate\\Database\\Connection->getPdo()
#8 /Users/jeffreydavidson/Projects/Ringside/vendor/laravel/framework/src/Illuminate/Database/Connection.php(664): Illuminate\\Database\\Connection->Illuminate\\Database\\{closure}('insert into `te...', Array)
#9 /Users/jeffreydavidson/Projects/Ringside/vendor/laravel/framework/src/Illuminate/Database/Connection.php(631): Illuminate\\Database\\Connection->runQueryCallback('insert into `te...', Array, Object(Closure))
#10 /Users/jeffreydavidson/Projects/Ringside/vendor/laravel/framework/src/Illuminate/Database/Connection.php(465): Illuminate\\Database\\Connection->run('insert into `te...', Array, Object(Closure))
#11 /Users/jeffreydavidson/Projects/Ringside/vendor/laravel/framework/src/Illuminate/Database/Connection.php(417): Illuminate\\Database\\Connection->statement('insert into `te...', Array)
#12 /Users/jeffreydavidson/Projects/Ringside/vendor/laravel/framework/src/Illuminate/Database/Query/Builder.php(2680): Illuminate\\Database\\Connection->insert('insert into `te...', Array)
#13 /Users/jeffreydavidson/Projects/Ringside/vendor/laravel/telescope/src/Storage/DatabaseEntriesRepository.php(148): Illuminate\\Database\\Query\\Builder->insert(Array)
#14 /Users/jeffreydavidson/Projects/Ringside/vendor/laravel/framework/src/Illuminate/Support/Traits/EnumeratesValues.php(179): Laravel\\Telescope\\Storage\\DatabaseEntriesRepository->Laravel\\Telescope\\Storage\\{closure}(Object(Illuminate\\Support\\Collection), 0)
#15 /Users/jeffreydavidson/Projects/Ringside/vendor/laravel/telescope/src/Storage/DatabaseEntriesRepository.php(149): Illuminate\\Support\\Collection->each(Object(Closure))
#16 /Users/jeffreydavidson/Projects/Ringside/vendor/laravel/telescope/src/Telescope.php(569): Laravel\\Telescope\\Storage\\DatabaseEntriesRepository->store(Object(Illuminate\\Support\\Collection))
#17 /Users/jeffreydavidson/Projects/Ringside/vendor/laravel/telescope/src/ListensForStorageOpportunities.php(44): Laravel\\Telescope\\Telescope::store(Object(Laravel\\Telescope\\Storage\\DatabaseEntriesRepository))
#18 [internal function]: Laravel\\Telescope\\Telescope::Laravel\\Telescope\\{closure}()
#19 /Users/jeffreydavidson/Projects/Ringside/vendor/laravel/framework/src/Illuminate/Container/BoundMethod.php(32): call_user_func_array(Object(Closure), Array)
#20 /Users/jeffreydavidson/Projects/Ringside/vendor/laravel/framework/src/Illuminate/Container/Util.php(36): Illuminate\\Container\\BoundMethod::Illuminate\\Container\\{closure}()
#21 /Users/jeffreydavidson/Projects/Ringside/vendor/laravel/framework/src/Illuminate/Container/BoundMethod.php(78): Illuminate\\Container\\Util::unwrapIfClosure(Object(Closure))
#22 /Users/jeffreydavidson/Projects/Ringside/vendor/laravel/framework/src/Illuminate/Container/BoundMethod.php(34): Illuminate\\Container\\BoundMethod::callBoundMethod(Object(Illuminate\\Foundation\\Application), Object(Closure), Object(Closure))
#23 /Users/jeffreydavidson/Projects/Ringside/vendor/laravel/framework/src/Illuminate/Container/Container.php(592): Illuminate\\Container\\BoundMethod::call(Object(Illuminate\\Foundation\\Application), Object(Closure), Array, NULL)
#24 /Users/jeffreydavidson/Projects/Ringside/vendor/laravel/framework/src/Illuminate/Foundation/Application.php(1091): Illuminate\\Container\\Container->call(Object(Closure))
#25 /Users/jeffreydavidson/Projects/Ringside/vendor/laravel/framework/src/Illuminate/Foundation/Console/Kernel.php(148): Illuminate\\Foundation\\Application->terminate()
#26 /Users/jeffreydavidson/Projects/Ringside/artisan(51): Illuminate\\Foundation\\Console\\Kernel->terminate(Object(Symfony\\Component\\Console\\Input\\ArgvInput), 0)
#27 {main}

[previous exception] [object] (PDOException(code: 0): PDO::__construct(): php_network_getaddresses: getaddrinfo failed: nodename nor servname provided, or not known at /Users/jeffreydavidson/Projects/Ringside/vendor/doctrine/dbal/lib/Doctrine/DBAL/Driver/PDOConnection.php:27)
[stacktrace]
#0 /Users/jeffreydavidson/Projects/Ringside/vendor/doctrine/dbal/lib/Doctrine/DBAL/Driver/PDOConnection.php(27): PDO->__construct('mysql:host=data...', 'laravel', 'laravel', Array)
#1 /Users/jeffreydavidson/Projects/Ringside/vendor/laravel/framework/src/Illuminate/Database/Connectors/Connector.php(67): Doctrine\\DBAL\\Driver\\PDOConnection->__construct('mysql:host=data...', 'laravel', 'laravel', Array)
#2 /Users/jeffreydavidson/Projects/Ringside/vendor/laravel/framework/src/Illuminate/Database/Connectors/Connector.php(46): Illuminate\\Database\\Connectors\\Connector->createPdoConnection('mysql:host=data...', 'laravel', 'laravel', Array)
#3 /Users/jeffreydavidson/Projects/Ringside/vendor/laravel/framework/src/Illuminate/Database/Connectors/MySqlConnector.php(24): Illuminate\\Database\\Connectors\\Connector->createConnection('mysql:host=data...', Array, Array)
#4 /Users/jeffreydavidson/Projects/Ringside/vendor/laravel/framework/src/Illuminate/Database/Connectors/ConnectionFactory.php(182): Illuminate\\Database\\Connectors\\MySqlConnector->connect(Array)
#5 [internal function]: Illuminate\\Database\\Connectors\\ConnectionFactory->Illuminate\\Database\\Connectors\\{closure}()
#6 /Users/jeffreydavidson/Projects/Ringside/vendor/laravel/framework/src/Illuminate/Database/Connection.php(926): call_user_func(Object(Closure))
#7 /Users/jeffreydavidson/Projects/Ringside/vendor/laravel/framework/src/Illuminate/Database/Connection.php(458): Illuminate\\Database\\Connection->getPdo()
#8 /Users/jeffreydavidson/Projects/Ringside/vendor/laravel/framework/src/Illuminate/Database/Connection.php(664): Illuminate\\Database\\Connection->Illuminate\\Database\\{closure}('insert into `te...', Array)
#9 /Users/jeffreydavidson/Projects/Ringside/vendor/laravel/framework/src/Illuminate/Database/Connection.php(631): Illuminate\\Database\\Connection->runQueryCallback('insert into `te...', Array, Object(Closure))
#10 /Users/jeffreydavidson/Projects/Ringside/vendor/laravel/framework/src/Illuminate/Database/Connection.php(465): Illuminate\\Database\\Connection->run('insert into `te...', Array, Object(Closure))
#11 /Users/jeffreydavidson/Projects/Ringside/vendor/laravel/framework/src/Illuminate/Database/Connection.php(417): Illuminate\\Database\\Connection->statement('insert into `te...', Array)
#12 /Users/jeffreydavidson/Projects/Ringside/vendor/laravel/framework/src/Illuminate/Database/Query/Builder.php(2680): Illuminate\\Database\\Connection->insert('insert into `te...', Array)
#13 /Users/jeffreydavidson/Projects/Ringside/vendor/laravel/telescope/src/Storage/DatabaseEntriesRepository.php(148): Illuminate\\Database\\Query\\Builder->insert(Array)
#14 /Users/jeffreydavidson/Projects/Ringside/vendor/laravel/framework/src/Illuminate/Support/Traits/EnumeratesValues.php(179): Laravel\\Telescope\\Storage\\DatabaseEntriesRepository->Laravel\\Telescope\\Storage\\{closure}(Object(Illuminate\\Support\\Collection), 0)
#15 /Users/jeffreydavidson/Projects/Ringside/vendor/laravel/telescope/src/Storage/DatabaseEntriesRepository.php(149): Illuminate\\Support\\Collection->each(Object(Closure))
#16 /Users/jeffreydavidson/Projects/Ringside/vendor/laravel/telescope/src/Telescope.php(569): Laravel\\Telescope\\Storage\\DatabaseEntriesRepository->store(Object(Illuminate\\Support\\Collection))
#17 /Users/jeffreydavidson/Projects/Ringside/vendor/laravel/telescope/src/ListensForStorageOpportunities.php(44): Laravel\\Telescope\\Telescope::store(Object(Laravel\\Telescope\\Storage\\DatabaseEntriesRepository))
#18 [internal function]: Laravel\\Telescope\\Telescope::Laravel\\Telescope\\{closure}()
#19 /Users/jeffreydavidson/Projects/Ringside/vendor/laravel/framework/src/Illuminate/Container/BoundMethod.php(32): call_user_func_array(Object(Closure), Array)
#20 /Users/jeffreydavidson/Projects/Ringside/vendor/laravel/framework/src/Illuminate/Container/Util.php(36): Illuminate\\Container\\BoundMethod::Illuminate\\Container\\{closure}()
#21 /Users/jeffreydavidson/Projects/Ringside/vendor/laravel/framework/src/Illuminate/Container/BoundMethod.php(78): Illuminate\\Container\\Util::unwrapIfClosure(Object(Closure))
#22 /Users/jeffreydavidson/Projects/Ringside/vendor/laravel/framework/src/Illuminate/Container/BoundMethod.php(34): Illuminate\\Container\\BoundMethod::callBoundMethod(Object(Illuminate\\Foundation\\Application), Object(Closure), Object(Closure))
#23 /Users/jeffreydavidson/Projects/Ringside/vendor/laravel/framework/src/Illuminate/Container/Container.php(592): Illuminate\\Container\\BoundMethod::call(Object(Illuminate\\Foundation\\Application), Object(Closure), Array, NULL)
#24 /Users/jeffreydavidson/Projects/Ringside/vendor/laravel/framework/src/Illuminate/Foundation/Application.php(1091): Illuminate\\Container\\Container->call(Object(Closure))
#25 /Users/jeffreydavidson/Projects/Ringside/vendor/laravel/framework/src/Illuminate/Foundation/Console/Kernel.php(148): Illuminate\\Foundation\\Application->terminate()
#26 /Users/jeffreydavidson/Projects/Ringside/artisan(51): Illuminate\\Foundation\\Console\\Kernel->terminate(Object(Symfony\\Component\\Console\\Input\\ArgvInput), 0)
#27 {main}
"} 
[2020-04-29 01:57:05] local.ERROR: The /app/bootstrap/cache directory must be present and writable. {"exception":"[object] (Exception(code: 0): The /app/bootstrap/cache directory must be present and writable. at /app/vendor/laravel/framework/src/Illuminate/Foundation/PackageManifest.php:179)
[stacktrace]
#0 /app/vendor/laravel/framework/src/Illuminate/Foundation/PackageManifest.php(138): Illuminate\\Foundation\\PackageManifest->write(Array)
#1 /app/vendor/laravel/framework/src/Illuminate/Foundation/PackageManifest.php(106): Illuminate\\Foundation\\PackageManifest->build()
#2 /app/vendor/laravel/framework/src/Illuminate/Foundation/PackageManifest.php(89): Illuminate\\Foundation\\PackageManifest->getManifest()
#3 /app/vendor/laravel/framework/src/Illuminate/Foundation/PackageManifest.php(78): Illuminate\\Foundation\\PackageManifest->config('aliases')
#4 /app/vendor/laravel/framework/src/Illuminate/Foundation/Bootstrap/RegisterFacades.php(26): Illuminate\\Foundation\\PackageManifest->aliases()
#5 /app/vendor/laravel/framework/src/Illuminate/Foundation/Application.php(230): Illuminate\\Foundation\\Bootstrap\\RegisterFacades->bootstrap(Object(Illuminate\\Foundation\\Application))
#6 /app/vendor/laravel/framework/src/Illuminate/Foundation/Http/Kernel.php(151): Illuminate\\Foundation\\Application->bootstrapWith(Array)
#7 /app/vendor/laravel/framework/src/Illuminate/Foundation/Http/Kernel.php(135): Illuminate\\Foundation\\Http\\Kernel->bootstrap()
#8 /app/vendor/laravel/framework/src/Illuminate/Foundation/Http/Kernel.php(109): Illuminate\\Foundation\\Http\\Kernel->sendRequestThroughRouter(Object(Illuminate\\Http\\Request))
#9 /app/public/index.php(55): Illuminate\\Foundation\\Http\\Kernel->handle(Object(Illuminate\\Http\\Request))
#10 {main}
"} 
